{"C:\\Users\\mattm\\glad-labs-website\\web\\public-site\\lib\\analytics.js": {"path":"C:\\Users\\mattm\\glad-labs-website\\web\\public-site\\lib\\analytics.js","statementMap":{"0":{"start":{"line":482,"column":13},"end":{"line":482,"column":37}},"1":{"start":{"line":488,"column":0},"end":{"line":488,"column":15}},"2":{"start":{"line":466,"column":13},"end":{"line":466,"column":27}},"3":{"start":{"line":445,"column":13},"end":{"line":445,"column":32}},"4":{"start":{"line":455,"column":13},"end":{"line":455,"column":27}},"5":{"start":{"line":344,"column":13},"end":{"line":344,"column":41}},"6":{"start":{"line":399,"column":13},"end":{"line":399,"column":39}},"7":{"start":{"line":314,"column":13},"end":{"line":314,"column":24}},"8":{"start":{"line":126,"column":13},"end":{"line":126,"column":32}},"9":{"start":{"line":55,"column":13},"end":{"line":55,"column":26}},"10":{"start":{"line":103,"column":13},"end":{"line":103,"column":30}},"11":{"start":{"line":266,"column":13},"end":{"line":266,"column":32}},"12":{"start":{"line":289,"column":13},"end":{"line":289,"column":31}},"13":{"start":{"line":30,"column":13},"end":{"line":30,"column":29}},"14":{"start":{"line":182,"column":13},"end":{"line":182,"column":33}},"15":{"start":{"line":240,"column":13},"end":{"line":240,"column":37}},"16":{"start":{"line":154,"column":13},"end":{"line":154,"column":27}},"17":{"start":{"line":217,"column":13},"end":{"line":217,"column":31}},"18":{"start":{"line":81,"column":13},"end":{"line":81,"column":27}},"19":{"start":{"line":1,"column":19},"end":{"line":1,"column":null}},"20":{"start":{"line":16,"column":18},"end":{"line":19,"column":null}},"21":{"start":{"line":17,"column":2},"end":{"line":17,"column":null}},"22":{"start":{"line":17,"column":37},"end":{"line":17,"column":null}},"23":{"start":{"line":18,"column":2},"end":{"line":18,"column":null}},"24":{"start":{"line":30,"column":29},"end":{"line":44,"column":null}},"25":{"start":{"line":31,"column":2},"end":{"line":31,"column":null}},"26":{"start":{"line":31,"column":20},"end":{"line":31,"column":null}},"27":{"start":{"line":33,"column":2},"end":{"line":43,"column":null}},"28":{"start":{"line":34,"column":4},"end":{"line":40,"column":null}},"29":{"start":{"line":42,"column":4},"end":{"line":42,"column":null}},"30":{"start":{"line":55,"column":26},"end":{"line":71,"column":null}},"31":{"start":{"line":56,"column":2},"end":{"line":56,"column":null}},"32":{"start":{"line":56,"column":20},"end":{"line":56,"column":null}},"33":{"start":{"line":58,"column":2},"end":{"line":70,"column":null}},"34":{"start":{"line":59,"column":65},"end":{"line":59,"column":null}},"35":{"start":{"line":61,"column":4},"end":{"line":67,"column":null}},"36":{"start":{"line":69,"column":4},"end":{"line":69,"column":null}},"37":{"start":{"line":81,"column":27},"end":{"line":94,"column":null}},"38":{"start":{"line":82,"column":2},"end":{"line":82,"column":null}},"39":{"start":{"line":82,"column":20},"end":{"line":82,"column":null}},"40":{"start":{"line":84,"column":2},"end":{"line":93,"column":null}},"41":{"start":{"line":85,"column":4},"end":{"line":90,"column":null}},"42":{"start":{"line":92,"column":4},"end":{"line":92,"column":null}},"43":{"start":{"line":103,"column":30},"end":{"line":116,"column":null}},"44":{"start":{"line":104,"column":2},"end":{"line":104,"column":null}},"45":{"start":{"line":104,"column":20},"end":{"line":104,"column":null}},"46":{"start":{"line":106,"column":2},"end":{"line":115,"column":null}},"47":{"start":{"line":107,"column":4},"end":{"line":112,"column":null}},"48":{"start":{"line":114,"column":4},"end":{"line":114,"column":null}},"49":{"start":{"line":126,"column":32},"end":{"line":145,"column":null}},"50":{"start":{"line":132,"column":2},"end":{"line":132,"column":null}},"51":{"start":{"line":132,"column":20},"end":{"line":132,"column":null}},"52":{"start":{"line":134,"column":2},"end":{"line":144,"column":null}},"53":{"start":{"line":135,"column":4},"end":{"line":141,"column":null}},"54":{"start":{"line":143,"column":4},"end":{"line":143,"column":null}},"55":{"start":{"line":154,"column":27},"end":{"line":172,"column":null}},"56":{"start":{"line":159,"column":2},"end":{"line":159,"column":null}},"57":{"start":{"line":159,"column":20},"end":{"line":159,"column":null}},"58":{"start":{"line":161,"column":2},"end":{"line":171,"column":null}},"59":{"start":{"line":162,"column":4},"end":{"line":168,"column":null}},"60":{"start":{"line":170,"column":4},"end":{"line":170,"column":null}},"61":{"start":{"line":182,"column":33},"end":{"line":208,"column":null}},"62":{"start":{"line":183,"column":2},"end":{"line":183,"column":null}},"63":{"start":{"line":183,"column":20},"end":{"line":183,"column":null}},"64":{"start":{"line":185,"column":2},"end":{"line":207,"column":null}},"65":{"start":{"line":186,"column":21},"end":{"line":186,"column":null}},"66":{"start":{"line":188,"column":4},"end":{"line":196,"column":null}},"67":{"start":{"line":189,"column":6},"end":{"line":189,"column":null}},"68":{"start":{"line":190,"column":11},"end":{"line":196,"column":null}},"69":{"start":{"line":191,"column":6},"end":{"line":191,"column":null}},"70":{"start":{"line":192,"column":11},"end":{"line":196,"column":null}},"71":{"start":{"line":193,"column":6},"end":{"line":193,"column":null}},"72":{"start":{"line":194,"column":11},"end":{"line":196,"column":null}},"73":{"start":{"line":195,"column":6},"end":{"line":195,"column":null}},"74":{"start":{"line":198,"column":4},"end":{"line":204,"column":null}},"75":{"start":{"line":206,"column":4},"end":{"line":206,"column":null}},"76":{"start":{"line":217,"column":31},"end":{"line":230,"column":null}},"77":{"start":{"line":218,"column":2},"end":{"line":218,"column":null}},"78":{"start":{"line":218,"column":20},"end":{"line":218,"column":null}},"79":{"start":{"line":220,"column":2},"end":{"line":229,"column":null}},"80":{"start":{"line":221,"column":4},"end":{"line":226,"column":null}},"81":{"start":{"line":228,"column":4},"end":{"line":228,"column":null}},"82":{"start":{"line":240,"column":37},"end":{"line":257,"column":null}},"83":{"start":{"line":245,"column":2},"end":{"line":245,"column":null}},"84":{"start":{"line":245,"column":20},"end":{"line":245,"column":null}},"85":{"start":{"line":247,"column":2},"end":{"line":256,"column":null}},"86":{"start":{"line":248,"column":4},"end":{"line":253,"column":null}},"87":{"start":{"line":255,"column":4},"end":{"line":255,"column":null}},"88":{"start":{"line":266,"column":32},"end":{"line":280,"column":null}},"89":{"start":{"line":267,"column":2},"end":{"line":267,"column":null}},"90":{"start":{"line":267,"column":20},"end":{"line":267,"column":null}},"91":{"start":{"line":269,"column":2},"end":{"line":279,"column":null}},"92":{"start":{"line":270,"column":4},"end":{"line":276,"column":null}},"93":{"start":{"line":278,"column":4},"end":{"line":278,"column":null}},"94":{"start":{"line":289,"column":31},"end":{"line":306,"column":null}},"95":{"start":{"line":294,"column":2},"end":{"line":294,"column":null}},"96":{"start":{"line":294,"column":20},"end":{"line":294,"column":null}},"97":{"start":{"line":296,"column":2},"end":{"line":305,"column":null}},"98":{"start":{"line":297,"column":4},"end":{"line":302,"column":null}},"99":{"start":{"line":304,"column":4},"end":{"line":304,"column":null}},"100":{"start":{"line":314,"column":24},"end":{"line":327,"column":null}},"101":{"start":{"line":315,"column":2},"end":{"line":315,"column":null}},"102":{"start":{"line":315,"column":20},"end":{"line":315,"column":null}},"103":{"start":{"line":317,"column":2},"end":{"line":326,"column":null}},"104":{"start":{"line":318,"column":4},"end":{"line":323,"column":null}},"105":{"start":{"line":325,"column":4},"end":{"line":325,"column":null}},"106":{"start":{"line":344,"column":41},"end":{"line":383,"column":null}},"107":{"start":{"line":345,"column":2},"end":{"line":345,"column":null}},"108":{"start":{"line":345,"column":37},"end":{"line":345,"column":null}},"109":{"start":{"line":347,"column":69},"end":{"line":347,"column":null}},"110":{"start":{"line":349,"column":22},"end":{"line":349,"column":null}},"111":{"start":{"line":350,"column":22},"end":{"line":350,"column":null}},"112":{"start":{"line":352,"column":32},"end":{"line":369,"column":null}},"113":{"start":{"line":353,"column":25},"end":{"line":353,"column":43}},"114":{"start":{"line":354,"column":27},"end":{"line":354,"column":64}},"115":{"start":{"line":355,"column":22},"end":{"line":355,"column":36}},"116":{"start":{"line":358,"column":22},"end":{"line":358,"column":null}},"117":{"start":{"line":359,"column":24},"end":{"line":359,"column":null}},"118":{"start":{"line":362,"column":4},"end":{"line":368,"column":null}},"119":{"start":{"line":363,"column":28},"end":{"line":363,"column":null}},"120":{"start":{"line":364,"column":6},"end":{"line":367,"column":null}},"121":{"start":{"line":365,"column":8},"end":{"line":365,"column":null}},"122":{"start":{"line":366,"column":8},"end":{"line":366,"column":null}},"123":{"start":{"line":371,"column":23},"end":{"line":374,"column":null}},"124":{"start":{"line":372,"column":4},"end":{"line":372,"column":null}},"125":{"start":{"line":373,"column":4},"end":{"line":373,"column":null}},"126":{"start":{"line":376,"column":2},"end":{"line":376,"column":null}},"127":{"start":{"line":379,"column":2},"end":{"line":382,"column":null}},"128":{"start":{"line":380,"column":4},"end":{"line":380,"column":null}},"129":{"start":{"line":381,"column":4},"end":{"line":381,"column":null}},"130":{"start":{"line":399,"column":39},"end":{"line":437,"column":null}},"131":{"start":{"line":400,"column":2},"end":{"line":400,"column":null}},"132":{"start":{"line":400,"column":37},"end":{"line":400,"column":null}},"133":{"start":{"line":402,"column":20},"end":{"line":402,"column":null}},"134":{"start":{"line":404,"column":29},"end":{"line":416,"column":null}},"135":{"start":{"line":405,"column":24},"end":{"line":405,"column":null}},"136":{"start":{"line":406,"column":29},"end":{"line":406,"column":null}},"137":{"start":{"line":409,"column":4},"end":{"line":415,"column":null}},"138":{"start":{"line":410,"column":6},"end":{"line":414,"column":null}},"139":{"start":{"line":411,"column":8},"end":{"line":411,"column":null}},"140":{"start":{"line":413,"column":8},"end":{"line":413,"column":null}},"141":{"start":{"line":419,"column":33},"end":{"line":427,"column":null}},"142":{"start":{"line":420,"column":4},"end":{"line":426,"column":null}},"143":{"start":{"line":421,"column":26},"end":{"line":421,"column":null}},"144":{"start":{"line":422,"column":31},"end":{"line":422,"column":null}},"145":{"start":{"line":423,"column":6},"end":{"line":425,"column":null}},"146":{"start":{"line":424,"column":8},"end":{"line":424,"column":null}},"147":{"start":{"line":429,"column":2},"end":{"line":429,"column":null}},"148":{"start":{"line":430,"column":2},"end":{"line":430,"column":null}},"149":{"start":{"line":433,"column":2},"end":{"line":436,"column":null}},"150":{"start":{"line":434,"column":4},"end":{"line":434,"column":null}},"151":{"start":{"line":435,"column":4},"end":{"line":435,"column":null}},"152":{"start":{"line":445,"column":32},"end":{"line":447,"column":null}},"153":{"start":{"line":446,"column":2},"end":{"line":446,"column":null}},"154":{"start":{"line":455,"column":27},"end":{"line":457,"column":null}},"155":{"start":{"line":456,"column":2},"end":{"line":456,"column":null}},"156":{"start":{"line":466,"column":27},"end":{"line":472,"column":null}},"157":{"start":{"line":467,"column":2},"end":{"line":467,"column":null}},"158":{"start":{"line":467,"column":19},"end":{"line":467,"column":null}},"159":{"start":{"line":468,"column":12},"end":{"line":468,"column":null}},"160":{"start":{"line":469,"column":16},"end":{"line":469,"column":null}},"161":{"start":{"line":470,"column":12},"end":{"line":470,"column":null}},"162":{"start":{"line":471,"column":2},"end":{"line":471,"column":null}},"163":{"start":{"line":482,"column":37},"end":{"line":486,"column":null}},"164":{"start":{"line":483,"column":2},"end":{"line":483,"column":null}},"165":{"start":{"line":483,"column":32},"end":{"line":483,"column":null}},"166":{"start":{"line":484,"column":20},"end":{"line":484,"column":51}},"167":{"start":{"line":485,"column":2},"end":{"line":485,"column":null}},"168":{"start":{"line":488,"column":15},"end":{"line":515,"column":null}}},"fnMap":{"0":{"name":"(anonymous_21)","decl":{"start":{"line":16,"column":18},"end":{"line":16,"column":null}},"loc":{"start":{"line":16,"column":18},"end":{"line":19,"column":null}}},"1":{"name":"(anonymous_22)","decl":{"start":{"line":30,"column":29},"end":{"line":30,"column":30}},"loc":{"start":{"line":30,"column":71},"end":{"line":44,"column":null}}},"2":{"name":"(anonymous_23)","decl":{"start":{"line":55,"column":26},"end":{"line":55,"column":27}},"loc":{"start":{"line":55,"column":54},"end":{"line":71,"column":null}}},"3":{"name":"(anonymous_24)","decl":{"start":{"line":81,"column":27},"end":{"line":81,"column":28}},"loc":{"start":{"line":81,"column":63},"end":{"line":94,"column":null}}},"4":{"name":"(anonymous_25)","decl":{"start":{"line":103,"column":30},"end":{"line":103,"column":31}},"loc":{"start":{"line":103,"column":72},"end":{"line":116,"column":null}}},"5":{"name":"(anonymous_26)","decl":{"start":{"line":126,"column":32},"end":{"line":126,"column":null}},"loc":{"start":{"line":130,"column":17},"end":{"line":145,"column":null}}},"6":{"name":"(anonymous_27)","decl":{"start":{"line":154,"column":27},"end":{"line":154,"column":null}},"loc":{"start":{"line":157,"column":19},"end":{"line":172,"column":null}}},"7":{"name":"(anonymous_28)","decl":{"start":{"line":182,"column":33},"end":{"line":182,"column":34}},"loc":{"start":{"line":182,"column":58},"end":{"line":208,"column":null}}},"8":{"name":"(anonymous_29)","decl":{"start":{"line":217,"column":31},"end":{"line":217,"column":32}},"loc":{"start":{"line":217,"column":67},"end":{"line":230,"column":null}}},"9":{"name":"(anonymous_30)","decl":{"start":{"line":240,"column":37},"end":{"line":240,"column":null}},"loc":{"start":{"line":243,"column":19},"end":{"line":257,"column":null}}},"10":{"name":"(anonymous_31)","decl":{"start":{"line":266,"column":32},"end":{"line":266,"column":33}},"loc":{"start":{"line":266,"column":74},"end":{"line":280,"column":null}}},"11":{"name":"(anonymous_32)","decl":{"start":{"line":289,"column":31},"end":{"line":289,"column":null}},"loc":{"start":{"line":292,"column":24},"end":{"line":306,"column":null}}},"12":{"name":"(anonymous_33)","decl":{"start":{"line":314,"column":24},"end":{"line":314,"column":25}},"loc":{"start":{"line":314,"column":53},"end":{"line":327,"column":null}}},"13":{"name":"(anonymous_34)","decl":{"start":{"line":344,"column":41},"end":{"line":344,"column":42}},"loc":{"start":{"line":344,"column":67},"end":{"line":383,"column":null}}},"14":{"name":"(anonymous_35)","decl":{"start":{"line":345,"column":44},"end":{"line":345,"column":51}},"loc":{"start":{"line":345,"column":44},"end":{"line":345,"column":null}}},"15":{"name":"(anonymous_36)","decl":{"start":{"line":352,"column":32},"end":{"line":352,"column":null}},"loc":{"start":{"line":352,"column":32},"end":{"line":369,"column":null}}},"16":{"name":"(anonymous_37)","decl":{"start":{"line":362,"column":23},"end":{"line":362,"column":24}},"loc":{"start":{"line":362,"column":24},"end":{"line":368,"column":null}}},"17":{"name":"(anonymous_38)","decl":{"start":{"line":371,"column":23},"end":{"line":371,"column":null}},"loc":{"start":{"line":371,"column":23},"end":{"line":374,"column":null}}},"18":{"name":"(anonymous_39)","decl":{"start":{"line":379,"column":9},"end":{"line":379,"column":null}},"loc":{"start":{"line":379,"column":9},"end":{"line":382,"column":null}}},"19":{"name":"(anonymous_40)","decl":{"start":{"line":399,"column":39},"end":{"line":399,"column":40}},"loc":{"start":{"line":399,"column":57},"end":{"line":437,"column":null}}},"20":{"name":"(anonymous_41)","decl":{"start":{"line":400,"column":44},"end":{"line":400,"column":51}},"loc":{"start":{"line":400,"column":44},"end":{"line":400,"column":null}}},"21":{"name":"(anonymous_42)","decl":{"start":{"line":404,"column":29},"end":{"line":404,"column":null}},"loc":{"start":{"line":404,"column":29},"end":{"line":416,"column":null}}},"22":{"name":"(anonymous_43)","decl":{"start":{"line":419,"column":33},"end":{"line":419,"column":null}},"loc":{"start":{"line":419,"column":33},"end":{"line":427,"column":null}}},"23":{"name":"(anonymous_44)","decl":{"start":{"line":433,"column":9},"end":{"line":433,"column":null}},"loc":{"start":{"line":433,"column":9},"end":{"line":436,"column":null}}},"24":{"name":"(anonymous_45)","decl":{"start":{"line":445,"column":32},"end":{"line":445,"column":null}},"loc":{"start":{"line":445,"column":32},"end":{"line":447,"column":null}}},"25":{"name":"(anonymous_46)","decl":{"start":{"line":455,"column":27},"end":{"line":455,"column":null}},"loc":{"start":{"line":455,"column":27},"end":{"line":457,"column":null}}},"26":{"name":"(anonymous_47)","decl":{"start":{"line":466,"column":27},"end":{"line":466,"column":28}},"loc":{"start":{"line":466,"column":28},"end":{"line":472,"column":null}}},"27":{"name":"(anonymous_48)","decl":{"start":{"line":482,"column":37},"end":{"line":482,"column":38}},"loc":{"start":{"line":482,"column":44},"end":{"line":486,"column":null}}}},"branchMap":{"0":{"loc":{"start":{"line":17,"column":2},"end":{"line":17,"column":null}},"type":"if","locations":[{"start":{"line":17,"column":2},"end":{"line":17,"column":null}}]},"1":{"loc":{"start":{"line":30,"column":43},"end":{"line":30,"column":56}},"type":"default-arg","locations":[{"start":{"line":30,"column":50},"end":{"line":30,"column":56}}]},"2":{"loc":{"start":{"line":30,"column":58},"end":{"line":30,"column":71}},"type":"default-arg","locations":[{"start":{"line":30,"column":69},"end":{"line":30,"column":71}}]},"3":{"loc":{"start":{"line":31,"column":2},"end":{"line":31,"column":null}},"type":"if","locations":[{"start":{"line":31,"column":2},"end":{"line":31,"column":null}}]},"4":{"loc":{"start":{"line":55,"column":38},"end":{"line":55,"column":54}},"type":"default-arg","locations":[{"start":{"line":55,"column":52},"end":{"line":55,"column":54}}]},"5":{"loc":{"start":{"line":56,"column":2},"end":{"line":56,"column":null}},"type":"if","locations":[{"start":{"line":56,"column":2},"end":{"line":56,"column":null}}]},"6":{"loc":{"start":{"line":59,"column":12},"end":{"line":59,"column":32}},"type":"default-arg","locations":[{"start":{"line":59,"column":23},"end":{"line":59,"column":32}}]},"7":{"loc":{"start":{"line":59,"column":34},"end":{"line":59,"column":44}},"type":"default-arg","locations":[{"start":{"line":59,"column":42},"end":{"line":59,"column":44}}]},"8":{"loc":{"start":{"line":64,"column":10},"end":{"line":64,"column":42}},"type":"binary-expr","locations":[{"start":{"line":64,"column":10},"end":{"line":64,"column":33}},{"start":{"line":64,"column":33},"end":{"line":64,"column":42}}]},"9":{"loc":{"start":{"line":81,"column":50},"end":{"line":81,"column":63}},"type":"default-arg","locations":[{"start":{"line":81,"column":61},"end":{"line":81,"column":63}}]},"10":{"loc":{"start":{"line":82,"column":2},"end":{"line":82,"column":null}},"type":"if","locations":[{"start":{"line":82,"column":2},"end":{"line":82,"column":null}}]},"11":{"loc":{"start":{"line":103,"column":44},"end":{"line":103,"column":57}},"type":"default-arg","locations":[{"start":{"line":103,"column":52},"end":{"line":103,"column":57}}]},"12":{"loc":{"start":{"line":103,"column":59},"end":{"line":103,"column":72}},"type":"default-arg","locations":[{"start":{"line":103,"column":70},"end":{"line":103,"column":72}}]},"13":{"loc":{"start":{"line":104,"column":2},"end":{"line":104,"column":null}},"type":"if","locations":[{"start":{"line":104,"column":2},"end":{"line":104,"column":null}}]},"14":{"loc":{"start":{"line":129,"column":2},"end":{"line":129,"column":15}},"type":"default-arg","locations":[{"start":{"line":129,"column":13},"end":{"line":129,"column":15}}]},"15":{"loc":{"start":{"line":130,"column":2},"end":{"line":130,"column":17}},"type":"default-arg","locations":[{"start":{"line":130,"column":16},"end":{"line":130,"column":17}}]},"16":{"loc":{"start":{"line":132,"column":2},"end":{"line":132,"column":null}},"type":"if","locations":[{"start":{"line":132,"column":2},"end":{"line":132,"column":null}}]},"17":{"loc":{"start":{"line":156,"column":2},"end":{"line":156,"column":18}},"type":"default-arg","locations":[{"start":{"line":156,"column":17},"end":{"line":156,"column":18}}]},"18":{"loc":{"start":{"line":157,"column":2},"end":{"line":157,"column":19}},"type":"default-arg","locations":[{"start":{"line":157,"column":11},"end":{"line":157,"column":19}}]},"19":{"loc":{"start":{"line":159,"column":2},"end":{"line":159,"column":null}},"type":"if","locations":[{"start":{"line":159,"column":2},"end":{"line":159,"column":null}}]},"20":{"loc":{"start":{"line":182,"column":47},"end":{"line":182,"column":58}},"type":"default-arg","locations":[{"start":{"line":182,"column":56},"end":{"line":182,"column":58}}]},"21":{"loc":{"start":{"line":183,"column":2},"end":{"line":183,"column":null}},"type":"if","locations":[{"start":{"line":183,"column":2},"end":{"line":183,"column":null}}]},"22":{"loc":{"start":{"line":188,"column":4},"end":{"line":196,"column":null}},"type":"if","locations":[{"start":{"line":188,"column":4},"end":{"line":196,"column":null}},{"start":{"line":190,"column":11},"end":{"line":196,"column":null}}]},"23":{"loc":{"start":{"line":190,"column":11},"end":{"line":196,"column":null}},"type":"if","locations":[{"start":{"line":190,"column":11},"end":{"line":196,"column":null}},{"start":{"line":192,"column":11},"end":{"line":196,"column":null}}]},"24":{"loc":{"start":{"line":192,"column":11},"end":{"line":196,"column":null}},"type":"if","locations":[{"start":{"line":192,"column":11},"end":{"line":196,"column":null}},{"start":{"line":194,"column":11},"end":{"line":196,"column":null}}]},"25":{"loc":{"start":{"line":194,"column":11},"end":{"line":196,"column":null}},"type":"if","locations":[{"start":{"line":194,"column":11},"end":{"line":196,"column":null}}]},"26":{"loc":{"start":{"line":217,"column":50},"end":{"line":217,"column":67}},"type":"default-arg","locations":[{"start":{"line":217,"column":61},"end":{"line":217,"column":67}}]},"27":{"loc":{"start":{"line":218,"column":2},"end":{"line":218,"column":null}},"type":"if","locations":[{"start":{"line":218,"column":2},"end":{"line":218,"column":null}}]},"28":{"loc":{"start":{"line":243,"column":2},"end":{"line":243,"column":19}},"type":"default-arg","locations":[{"start":{"line":243,"column":17},"end":{"line":243,"column":19}}]},"29":{"loc":{"start":{"line":245,"column":2},"end":{"line":245,"column":null}},"type":"if","locations":[{"start":{"line":245,"column":2},"end":{"line":245,"column":null}}]},"30":{"loc":{"start":{"line":266,"column":58},"end":{"line":266,"column":74}},"type":"default-arg","locations":[{"start":{"line":266,"column":73},"end":{"line":266,"column":74}}]},"31":{"loc":{"start":{"line":267,"column":2},"end":{"line":267,"column":null}},"type":"if","locations":[{"start":{"line":267,"column":2},"end":{"line":267,"column":null}}]},"32":{"loc":{"start":{"line":291,"column":2},"end":{"line":291,"column":15}},"type":"default-arg","locations":[{"start":{"line":291,"column":13},"end":{"line":291,"column":15}}]},"33":{"loc":{"start":{"line":292,"column":2},"end":{"line":292,"column":24}},"type":"default-arg","locations":[{"start":{"line":292,"column":12},"end":{"line":292,"column":24}}]},"34":{"loc":{"start":{"line":294,"column":2},"end":{"line":294,"column":null}},"type":"if","locations":[{"start":{"line":294,"column":2},"end":{"line":294,"column":null}}]},"35":{"loc":{"start":{"line":299,"column":13},"end":{"line":299,"column":null}},"type":"binary-expr","locations":[{"start":{"line":299,"column":13},"end":{"line":299,"column":25}},{"start":{"line":299,"column":25},"end":{"line":299,"column":null}}]},"36":{"loc":{"start":{"line":314,"column":40},"end":{"line":314,"column":53}},"type":"default-arg","locations":[{"start":{"line":314,"column":51},"end":{"line":314,"column":53}}]},"37":{"loc":{"start":{"line":315,"column":2},"end":{"line":315,"column":null}},"type":"if","locations":[{"start":{"line":315,"column":2},"end":{"line":315,"column":null}}]},"38":{"loc":{"start":{"line":322,"column":16},"end":{"line":322,"column":45}},"type":"binary-expr","locations":[{"start":{"line":322,"column":16},"end":{"line":322,"column":28}},{"start":{"line":322,"column":28},"end":{"line":322,"column":45}}]},"39":{"loc":{"start":{"line":344,"column":42},"end":{"line":344,"column":53}},"type":"default-arg","locations":[{"start":{"line":344,"column":51},"end":{"line":344,"column":53}}]},"40":{"loc":{"start":{"line":344,"column":55},"end":{"line":344,"column":67}},"type":"default-arg","locations":[{"start":{"line":344,"column":65},"end":{"line":344,"column":67}}]},"41":{"loc":{"start":{"line":345,"column":2},"end":{"line":345,"column":null}},"type":"if","locations":[{"start":{"line":345,"column":2},"end":{"line":345,"column":null}}]},"42":{"loc":{"start":{"line":347,"column":10},"end":{"line":347,"column":29}},"type":"default-arg","locations":[{"start":{"line":347,"column":26},"end":{"line":347,"column":29}}]},"43":{"loc":{"start":{"line":347,"column":31},"end":{"line":347,"column":66}},"type":"default-arg","locations":[{"start":{"line":347,"column":44},"end":{"line":347,"column":66}}]},"44":{"loc":{"start":{"line":359,"column":24},"end":{"line":359,"column":null}},"type":"cond-expr","locations":[{"start":{"line":359,"column":40},"end":{"line":359,"column":72}},{"start":{"line":359,"column":72},"end":{"line":359,"column":null}}]},"45":{"loc":{"start":{"line":364,"column":6},"end":{"line":367,"column":null}},"type":"if","locations":[{"start":{"line":364,"column":6},"end":{"line":367,"column":null}}]},"46":{"loc":{"start":{"line":364,"column":10},"end":{"line":364,"column":73}},"type":"binary-expr","locations":[{"start":{"line":364,"column":10},"end":{"line":364,"column":42}},{"start":{"line":364,"column":42},"end":{"line":364,"column":73}}]},"47":{"loc":{"start":{"line":399,"column":40},"end":{"line":399,"column":57}},"type":"default-arg","locations":[{"start":{"line":399,"column":51},"end":{"line":399,"column":57}}]},"48":{"loc":{"start":{"line":400,"column":2},"end":{"line":400,"column":null}},"type":"if","locations":[{"start":{"line":400,"column":2},"end":{"line":400,"column":null}}]},"49":{"loc":{"start":{"line":409,"column":4},"end":{"line":415,"column":null}},"type":"if","locations":[{"start":{"line":409,"column":4},"end":{"line":415,"column":null}}]},"50":{"loc":{"start":{"line":409,"column":8},"end":{"line":409,"column":45}},"type":"binary-expr","locations":[{"start":{"line":409,"column":8},"end":{"line":409,"column":28}},{"start":{"line":409,"column":32},"end":{"line":409,"column":45}}]},"51":{"loc":{"start":{"line":420,"column":4},"end":{"line":426,"column":null}},"type":"if","locations":[{"start":{"line":420,"column":4},"end":{"line":426,"column":null}}]},"52":{"loc":{"start":{"line":423,"column":6},"end":{"line":425,"column":null}},"type":"if","locations":[{"start":{"line":423,"column":6},"end":{"line":425,"column":null}}]},"53":{"loc":{"start":{"line":446,"column":9},"end":{"line":446,"column":null}},"type":"binary-expr","locations":[{"start":{"line":446,"column":9},"end":{"line":446,"column":39}},{"start":{"line":446,"column":43},"end":{"line":446,"column":null}}]},"54":{"loc":{"start":{"line":456,"column":9},"end":{"line":456,"column":null}},"type":"binary-expr","locations":[{"start":{"line":456,"column":9},"end":{"line":456,"column":42}},{"start":{"line":456,"column":42},"end":{"line":456,"column":null}}]},"55":{"loc":{"start":{"line":467,"column":2},"end":{"line":467,"column":null}},"type":"if","locations":[{"start":{"line":467,"column":2},"end":{"line":467,"column":null}}]},"56":{"loc":{"start":{"line":483,"column":2},"end":{"line":483,"column":null}},"type":"if","locations":[{"start":{"line":483,"column":2},"end":{"line":483,"column":null}}]}},"s":{"0":0,"1":0,"2":0,"3":0,"4":0,"5":0,"6":0,"7":0,"8":0,"9":13,"10":0,"11":0,"12":0,"13":0,"14":0,"15":0,"16":0,"17":0,"18":0,"19":1,"20":1,"21":13,"22":0,"23":13,"24":1,"25":0,"26":0,"27":0,"28":0,"29":0,"30":1,"31":13,"32":2,"33":11,"34":11,"35":11,"36":0,"37":1,"38":0,"39":0,"40":0,"41":0,"42":0,"43":1,"44":0,"45":0,"46":0,"47":0,"48":0,"49":1,"50":0,"51":0,"52":0,"53":0,"54":0,"55":1,"56":0,"57":0,"58":0,"59":0,"60":0,"61":1,"62":0,"63":0,"64":0,"65":0,"66":0,"67":0,"68":0,"69":0,"70":0,"71":0,"72":0,"73":0,"74":0,"75":0,"76":1,"77":0,"78":0,"79":0,"80":0,"81":0,"82":1,"83":0,"84":0,"85":0,"86":0,"87":0,"88":1,"89":0,"90":0,"91":0,"92":0,"93":0,"94":1,"95":0,"96":0,"97":0,"98":0,"99":0,"100":1,"101":0,"102":0,"103":0,"104":0,"105":0,"106":1,"107":0,"108":0,"109":0,"110":0,"111":0,"112":0,"113":0,"114":0,"115":0,"116":0,"117":0,"118":0,"119":0,"120":0,"121":0,"122":0,"123":0,"124":0,"125":0,"126":0,"127":0,"128":0,"129":0,"130":1,"131":0,"132":0,"133":0,"134":0,"135":0,"136":0,"137":0,"138":0,"139":0,"140":0,"141":0,"142":0,"143":0,"144":0,"145":0,"146":0,"147":0,"148":0,"149":0,"150":0,"151":0,"152":1,"153":0,"154":1,"155":0,"156":1,"157":0,"158":0,"159":0,"160":0,"161":0,"162":0,"163":1,"164":0,"165":0,"166":0,"167":0,"168":1},"f":{"0":13,"1":0,"2":13,"3":0,"4":0,"5":0,"6":0,"7":0,"8":0,"9":0,"10":0,"11":0,"12":0,"13":0,"14":0,"15":0,"16":0,"17":0,"18":0,"19":0,"20":0,"21":0,"22":0,"23":0,"24":0,"25":0,"26":0,"27":0},"b":{"0":[0],"1":[0],"2":[0],"3":[0],"4":[0],"5":[2],"6":[10],"7":[11],"8":[11,0],"9":[0],"10":[0],"11":[0],"12":[0],"13":[0],"14":[0],"15":[0],"16":[0],"17":[0],"18":[0],"19":[0],"20":[0],"21":[0],"22":[0,0],"23":[0,0],"24":[0,0],"25":[0],"26":[0],"27":[0],"28":[0],"29":[0],"30":[0],"31":[0],"32":[0],"33":[0],"34":[0],"35":[0,0],"36":[0],"37":[0],"38":[0,0],"39":[0],"40":[0],"41":[0],"42":[0],"43":[0],"44":[0,0],"45":[0],"46":[0,0],"47":[0],"48":[0],"49":[0],"50":[0,0],"51":[0],"52":[0],"53":[0,0],"54":[0,0],"55":[0],"56":[0]}}
,"C:\\Users\\mattm\\glad-labs-website\\web\\public-site\\lib\\api-fastapi.js": {"path":"C:\\Users\\mattm\\glad-labs-website\\web\\public-site\\lib\\api-fastapi.js","statementMap":{"0":{"start":{"line":471,"column":22},"end":{"line":471,"column":33}},"1":{"start":{"line":628,"column":0},"end":{"line":628,"column":15}},"2":{"start":{"line":387,"column":16},"end":{"line":387,"column":27}},"3":{"start":{"line":240,"column":22},"end":{"line":240,"column":null}},"4":{"start":{"line":519,"column":22},"end":{"line":519,"column":null}},"5":{"start":{"line":335,"column":22},"end":{"line":335,"column":null}},"6":{"start":{"line":182,"column":22},"end":{"line":182,"column":null}},"7":{"start":{"line":442,"column":22},"end":{"line":442,"column":null}},"8":{"start":{"line":126,"column":22},"end":{"line":126,"column":null}},"9":{"start":{"line":368,"column":16},"end":{"line":368,"column":28}},"10":{"start":{"line":612,"column":22},"end":{"line":612,"column":null}},"11":{"start":{"line":418,"column":22},"end":{"line":418,"column":39}},"12":{"start":{"line":87,"column":22},"end":{"line":87,"column":null}},"13":{"start":{"line":153,"column":22},"end":{"line":153,"column":36}},"14":{"start":{"line":217,"column":22},"end":{"line":217,"column":41}},"15":{"start":{"line":229,"column":22},"end":{"line":229,"column":36}},"16":{"start":{"line":285,"column":22},"end":{"line":285,"column":38}},"17":{"start":{"line":199,"column":22},"end":{"line":199,"column":null}},"18":{"start":{"line":499,"column":22},"end":{"line":499,"column":34}},"19":{"start":{"line":507,"column":22},"end":{"line":507,"column":null}},"20":{"start":{"line":430,"column":22},"end":{"line":430,"column":42}},"21":{"start":{"line":485,"column":22},"end":{"line":485,"column":32}},"22":{"start":{"line":456,"column":22},"end":{"line":456,"column":null}},"23":{"start":{"line":313,"column":22},"end":{"line":313,"column":34}},"24":{"start":{"line":557,"column":22},"end":{"line":557,"column":44}},"25":{"start":{"line":535,"column":22},"end":{"line":535,"column":40}},"26":{"start":{"line":586,"column":22},"end":{"line":586,"column":48}},"27":{"start":{"line":351,"column":22},"end":{"line":351,"column":null}},"28":{"start":{"line":1,"column":19},"end":{"line":1,"column":null}},"29":{"start":{"line":14,"column":30},"end":{"line":14,"column":null}},"30":{"start":{"line":15,"column":20},"end":{"line":15,"column":null}},"31":{"start":{"line":16,"column":17},"end":{"line":16,"column":37}},"32":{"start":{"line":19,"column":22},"end":{"line":21,"column":null}},"33":{"start":{"line":31,"column":14},"end":{"line":31,"column":38}},"34":{"start":{"line":32,"column":17},"end":{"line":32,"column":null}},"35":{"start":{"line":34,"column":2},"end":{"line":75,"column":null}},"36":{"start":{"line":35,"column":21},"end":{"line":43,"column":null}},"37":{"start":{"line":45,"column":4},"end":{"line":57,"column":null}},"38":{"start":{"line":46,"column":24},"end":{"line":47,"column":null}},"39":{"start":{"line":49,"column":6},"end":{"line":55,"column":null}},"40":{"start":{"line":56,"column":6},"end":{"line":56,"column":null}},"41":{"start":{"line":59,"column":17},"end":{"line":59,"column":null}},"42":{"start":{"line":60,"column":4},"end":{"line":60,"column":null}},"43":{"start":{"line":64,"column":4},"end":{"line":73,"column":null}},"44":{"start":{"line":66,"column":6},"end":{"line":72,"column":null}},"45":{"start":{"line":74,"column":4},"end":{"line":74,"column":null}},"46":{"start":{"line":92,"column":15},"end":{"line":92,"column":null}},"47":{"start":{"line":95,"column":17},"end":{"line":95,"column":76}},"48":{"start":{"line":97,"column":19},"end":{"line":97,"column":null}},"49":{"start":{"line":100,"column":13},"end":{"line":100,"column":32}},"50":{"start":{"line":101,"column":2},"end":{"line":103,"column":null}},"51":{"start":{"line":102,"column":4},"end":{"line":102,"column":null}},"52":{"start":{"line":102,"column":33},"end":{"line":102,"column":null}},"53":{"start":{"line":106,"column":2},"end":{"line":118,"column":null}},"54":{"start":{"line":127,"column":2},"end":{"line":143,"column":null}},"55":{"start":{"line":129,"column":21},"end":{"line":130,"column":null}},"56":{"start":{"line":133,"column":4},"end":{"line":135,"column":null}},"57":{"start":{"line":134,"column":6},"end":{"line":134,"column":null}},"58":{"start":{"line":136,"column":4},"end":{"line":136,"column":null}},"59":{"start":{"line":138,"column":4},"end":{"line":141,"column":null}},"60":{"start":{"line":142,"column":4},"end":{"line":142,"column":null}},"61":{"start":{"line":154,"column":2},"end":{"line":174,"column":null}},"62":{"start":{"line":155,"column":21},"end":{"line":155,"column":null}},"63":{"start":{"line":156,"column":17},"end":{"line":156,"column":null}},"64":{"start":{"line":158,"column":4},"end":{"line":165,"column":null}},"65":{"start":{"line":159,"column":6},"end":{"line":164,"column":null}},"66":{"start":{"line":167,"column":4},"end":{"line":167,"column":null}},"67":{"start":{"line":169,"column":4},"end":{"line":172,"column":null}},"68":{"start":{"line":173,"column":4},"end":{"line":173,"column":null}},"69":{"start":{"line":183,"column":2},"end":{"line":191,"column":null}},"70":{"start":{"line":184,"column":21},"end":{"line":184,"column":null}},"71":{"start":{"line":185,"column":4},"end":{"line":185,"column":null}},"72":{"start":{"line":187,"column":4},"end":{"line":189,"column":null}},"73":{"start":{"line":190,"column":4},"end":{"line":190,"column":null}},"74":{"start":{"line":200,"column":2},"end":{"line":206,"column":null}},"75":{"start":{"line":201,"column":21},"end":{"line":201,"column":null}},"76":{"start":{"line":202,"column":4},"end":{"line":202,"column":null}},"77":{"start":{"line":204,"column":4},"end":{"line":204,"column":null}},"78":{"start":{"line":205,"column":4},"end":{"line":205,"column":null}},"79":{"start":{"line":218,"column":2},"end":{"line":218,"column":null}},"80":{"start":{"line":230,"column":2},"end":{"line":230,"column":null}},"81":{"start":{"line":241,"column":2},"end":{"line":274,"column":null}},"82":{"start":{"line":242,"column":21},"end":{"line":242,"column":23}},"83":{"start":{"line":243,"column":15},"end":{"line":243,"column":null}},"84":{"start":{"line":244,"column":18},"end":{"line":244,"column":23}},"85":{"start":{"line":247,"column":4},"end":{"line":268,"column":null}},"86":{"start":{"line":248,"column":23},"end":{"line":249,"column":null}},"87":{"start":{"line":252,"column":6},"end":{"line":254,"column":null}},"88":{"start":{"line":253,"column":8},"end":{"line":253,"column":15}},"89":{"start":{"line":256,"column":6},"end":{"line":259,"column":null}},"90":{"start":{"line":257,"column":40},"end":{"line":259,"column":null}},"91":{"start":{"line":263,"column":6},"end":{"line":265,"column":null}},"92":{"start":{"line":264,"column":8},"end":{"line":264,"column":null}},"93":{"start":{"line":267,"column":6},"end":{"line":267,"column":null}},"94":{"start":{"line":270,"column":4},"end":{"line":270,"column":null}},"95":{"start":{"line":272,"column":4},"end":{"line":272,"column":null}},"96":{"start":{"line":273,"column":4},"end":{"line":273,"column":null}},"97":{"start":{"line":286,"column":2},"end":{"line":303,"column":null}},"98":{"start":{"line":288,"column":19},"end":{"line":288,"column":62}},"99":{"start":{"line":290,"column":4},"end":{"line":292,"column":null}},"100":{"start":{"line":291,"column":6},"end":{"line":291,"column":null}},"101":{"start":{"line":294,"column":21},"end":{"line":294,"column":null}},"102":{"start":{"line":297,"column":4},"end":{"line":299,"column":null}},"103":{"start":{"line":298,"column":24},"end":{"line":298,"column":null}},"104":{"start":{"line":301,"column":4},"end":{"line":301,"column":null}},"105":{"start":{"line":302,"column":4},"end":{"line":302,"column":null}},"106":{"start":{"line":314,"column":2},"end":{"line":326,"column":null}},"107":{"start":{"line":315,"column":4},"end":{"line":317,"column":null}},"108":{"start":{"line":316,"column":6},"end":{"line":316,"column":null}},"109":{"start":{"line":319,"column":21},"end":{"line":319,"column":82}},"110":{"start":{"line":320,"column":21},"end":{"line":320,"column":null}},"111":{"start":{"line":322,"column":4},"end":{"line":322,"column":null}},"112":{"start":{"line":324,"column":4},"end":{"line":324,"column":null}},"113":{"start":{"line":325,"column":4},"end":{"line":325,"column":null}},"114":{"start":{"line":336,"column":2},"end":{"line":342,"column":null}},"115":{"start":{"line":337,"column":21},"end":{"line":337,"column":null}},"116":{"start":{"line":338,"column":4},"end":{"line":338,"column":null}},"117":{"start":{"line":340,"column":4},"end":{"line":340,"column":null}},"118":{"start":{"line":341,"column":4},"end":{"line":341,"column":null}},"119":{"start":{"line":352,"column":2},"end":{"line":358,"column":null}},"120":{"start":{"line":353,"column":19},"end":{"line":353,"column":null}},"121":{"start":{"line":354,"column":4},"end":{"line":354,"column":null}},"122":{"start":{"line":356,"column":4},"end":{"line":356,"column":null}},"123":{"start":{"line":357,"column":4},"end":{"line":357,"column":null}},"124":{"start":{"line":369,"column":2},"end":{"line":369,"column":null}},"125":{"start":{"line":369,"column":13},"end":{"line":369,"column":null}},"126":{"start":{"line":372,"column":2},"end":{"line":374,"column":null}},"127":{"start":{"line":373,"column":4},"end":{"line":373,"column":null}},"128":{"start":{"line":377,"column":2},"end":{"line":377,"column":null}},"129":{"start":{"line":388,"column":2},"end":{"line":388,"column":null}},"130":{"start":{"line":388,"column":13},"end":{"line":388,"column":null}},"131":{"start":{"line":390,"column":2},"end":{"line":406,"column":null}},"132":{"start":{"line":419,"column":15},"end":{"line":419,"column":null}},"133":{"start":{"line":420,"column":2},"end":{"line":420,"column":null}},"134":{"start":{"line":431,"column":2},"end":{"line":434,"column":null}},"135":{"start":{"line":443,"column":2},"end":{"line":449,"column":null}},"136":{"start":{"line":444,"column":21},"end":{"line":444,"column":null}},"137":{"start":{"line":445,"column":4},"end":{"line":445,"column":null}},"138":{"start":{"line":447,"column":4},"end":{"line":447,"column":null}},"139":{"start":{"line":448,"column":4},"end":{"line":448,"column":null}},"140":{"start":{"line":457,"column":2},"end":{"line":459,"column":null}},"141":{"start":{"line":472,"column":2},"end":{"line":475,"column":null}},"142":{"start":{"line":486,"column":17},"end":{"line":486,"column":57}},"143":{"start":{"line":487,"column":2},"end":{"line":489,"column":null}},"144":{"start":{"line":488,"column":4},"end":{"line":488,"column":null}},"145":{"start":{"line":491,"column":2},"end":{"line":491,"column":null}},"146":{"start":{"line":500,"column":2},"end":{"line":500,"column":null}},"147":{"start":{"line":508,"column":2},"end":{"line":508,"column":null}},"148":{"start":{"line":520,"column":2},"end":{"line":526,"column":null}},"149":{"start":{"line":521,"column":21},"end":{"line":521,"column":null}},"150":{"start":{"line":522,"column":4},"end":{"line":522,"column":null}},"151":{"start":{"line":524,"column":4},"end":{"line":524,"column":null}},"152":{"start":{"line":525,"column":4},"end":{"line":525,"column":null}},"153":{"start":{"line":536,"column":17},"end":{"line":536,"column":72}},"154":{"start":{"line":537,"column":2},"end":{"line":539,"column":null}},"155":{"start":{"line":538,"column":4},"end":{"line":538,"column":null}},"156":{"start":{"line":541,"column":2},"end":{"line":541,"column":null}},"157":{"start":{"line":558,"column":2},"end":{"line":576,"column":null}},"158":{"start":{"line":559,"column":21},"end":{"line":565,"column":null}},"159":{"start":{"line":567,"column":4},"end":{"line":570,"column":null}},"160":{"start":{"line":568,"column":20},"end":{"line":568,"column":null}},"161":{"start":{"line":569,"column":6},"end":{"line":569,"column":null}},"162":{"start":{"line":572,"column":4},"end":{"line":572,"column":null}},"163":{"start":{"line":574,"column":4},"end":{"line":574,"column":null}},"164":{"start":{"line":575,"column":4},"end":{"line":575,"column":null}},"165":{"start":{"line":587,"column":2},"end":{"line":605,"column":null}},"166":{"start":{"line":588,"column":21},"end":{"line":594,"column":null}},"167":{"start":{"line":596,"column":4},"end":{"line":599,"column":null}},"168":{"start":{"line":597,"column":20},"end":{"line":597,"column":null}},"169":{"start":{"line":598,"column":6},"end":{"line":598,"column":null}},"170":{"start":{"line":601,"column":4},"end":{"line":601,"column":null}},"171":{"start":{"line":603,"column":4},"end":{"line":603,"column":null}},"172":{"start":{"line":604,"column":4},"end":{"line":604,"column":null}},"173":{"start":{"line":613,"column":2},"end":{"line":624,"column":null}},"174":{"start":{"line":614,"column":21},"end":{"line":614,"column":null}},"175":{"start":{"line":616,"column":4},"end":{"line":618,"column":null}},"176":{"start":{"line":617,"column":6},"end":{"line":617,"column":null}},"177":{"start":{"line":620,"column":4},"end":{"line":620,"column":null}},"178":{"start":{"line":622,"column":4},"end":{"line":622,"column":null}},"179":{"start":{"line":623,"column":4},"end":{"line":623,"column":null}},"180":{"start":{"line":628,"column":15},"end":{"line":661,"column":null}}},"fnMap":{"0":{"name":"fetchAPI","decl":{"start":{"line":30,"column":15},"end":{"line":30,"column":24}},"loc":{"start":{"line":30,"column":46},"end":{"line":76,"column":null}}},"1":{"name":"getPaginatedPosts","decl":{"start":{"line":87,"column":22},"end":{"line":87,"column":null}},"loc":{"start":{"line":90,"column":18},"end":{"line":119,"column":null}}},"2":{"name":"(anonymous_32)","decl":{"start":{"line":102,"column":23},"end":{"line":102,"column":24}},"loc":{"start":{"line":102,"column":33},"end":{"line":102,"column":null}}},"3":{"name":"getFeaturedPost","decl":{"start":{"line":126,"column":22},"end":{"line":126,"column":null}},"loc":{"start":{"line":126,"column":22},"end":{"line":144,"column":null}}},"4":{"name":"getPostBySlug","decl":{"start":{"line":153,"column":22},"end":{"line":153,"column":36}},"loc":{"start":{"line":153,"column":40},"end":{"line":175,"column":null}}},"5":{"name":"getCategories","decl":{"start":{"line":182,"column":22},"end":{"line":182,"column":null}},"loc":{"start":{"line":182,"column":22},"end":{"line":192,"column":null}}},"6":{"name":"getTags","decl":{"start":{"line":199,"column":22},"end":{"line":199,"column":null}},"loc":{"start":{"line":199,"column":22},"end":{"line":207,"column":null}}},"7":{"name":"getPostsByCategory","decl":{"start":{"line":217,"column":22},"end":{"line":217,"column":41}},"loc":{"start":{"line":217,"column":67},"end":{"line":219,"column":null}}},"8":{"name":"getPostsByTag","decl":{"start":{"line":229,"column":22},"end":{"line":229,"column":36}},"loc":{"start":{"line":229,"column":62},"end":{"line":231,"column":null}}},"9":{"name":"getAllPosts","decl":{"start":{"line":240,"column":22},"end":{"line":240,"column":null}},"loc":{"start":{"line":240,"column":22},"end":{"line":275,"column":null}}},"10":{"name":"(anonymous_40)","decl":{"start":{"line":257,"column":29},"end":{"line":257,"column":30}},"loc":{"start":{"line":257,"column":40},"end":{"line":259,"column":null}}},"11":{"name":"getRelatedPosts","decl":{"start":{"line":285,"column":22},"end":{"line":285,"column":38}},"loc":{"start":{"line":285,"column":68},"end":{"line":304,"column":null}}},"12":{"name":"(anonymous_42)","decl":{"start":{"line":298,"column":14},"end":{"line":298,"column":15}},"loc":{"start":{"line":298,"column":24},"end":{"line":298,"column":null}}},"13":{"name":"searchPosts","decl":{"start":{"line":313,"column":22},"end":{"line":313,"column":34}},"loc":{"start":{"line":313,"column":51},"end":{"line":327,"column":null}}},"14":{"name":"getCMSStatus","decl":{"start":{"line":335,"column":22},"end":{"line":335,"column":null}},"loc":{"start":{"line":335,"column":22},"end":{"line":343,"column":null}}},"15":{"name":"validateFastAPI","decl":{"start":{"line":351,"column":22},"end":{"line":351,"column":null}},"loc":{"start":{"line":351,"column":22},"end":{"line":359,"column":null}}},"16":{"name":"getImageURL","decl":{"start":{"line":368,"column":16},"end":{"line":368,"column":28}},"loc":{"start":{"line":368,"column":32},"end":{"line":378,"column":null}}},"17":{"name":"formatPost","decl":{"start":{"line":387,"column":16},"end":{"line":387,"column":27}},"loc":{"start":{"line":387,"column":31},"end":{"line":407,"column":null}}},"18":{"name":"getOAuthLoginURL","decl":{"start":{"line":418,"column":22},"end":{"line":418,"column":39}},"loc":{"start":{"line":418,"column":47},"end":{"line":421,"column":null}}},"19":{"name":"handleOAuthCallback","decl":{"start":{"line":430,"column":22},"end":{"line":430,"column":42}},"loc":{"start":{"line":430,"column":63},"end":{"line":435,"column":null}}},"20":{"name":"getCurrentUser","decl":{"start":{"line":442,"column":22},"end":{"line":442,"column":null}},"loc":{"start":{"line":442,"column":22},"end":{"line":450,"column":null}}},"21":{"name":"logout","decl":{"start":{"line":456,"column":22},"end":{"line":456,"column":null}},"loc":{"start":{"line":456,"column":22},"end":{"line":460,"column":null}}},"22":{"name":"createTask","decl":{"start":{"line":471,"column":22},"end":{"line":471,"column":33}},"loc":{"start":{"line":471,"column":41},"end":{"line":476,"column":null}}},"23":{"name":"listTasks","decl":{"start":{"line":485,"column":22},"end":{"line":485,"column":32}},"loc":{"start":{"line":485,"column":69},"end":{"line":492,"column":null}}},"24":{"name":"getTaskById","decl":{"start":{"line":499,"column":22},"end":{"line":499,"column":34}},"loc":{"start":{"line":499,"column":40},"end":{"line":501,"column":null}}},"25":{"name":"getTaskMetrics","decl":{"start":{"line":507,"column":22},"end":{"line":507,"column":null}},"loc":{"start":{"line":507,"column":22},"end":{"line":509,"column":null}}},"26":{"name":"getAvailableModels","decl":{"start":{"line":519,"column":22},"end":{"line":519,"column":null}},"loc":{"start":{"line":519,"column":22},"end":{"line":527,"column":null}}},"27":{"name":"testModelProvider","decl":{"start":{"line":535,"column":22},"end":{"line":535,"column":40}},"loc":{"start":{"line":535,"column":62},"end":{"line":542,"column":null}}},"28":{"name":"subscribeToNewsletter","decl":{"start":{"line":557,"column":22},"end":{"line":557,"column":44}},"loc":{"start":{"line":557,"column":48},"end":{"line":577,"column":null}}},"29":{"name":"unsubscribeFromNewsletter","decl":{"start":{"line":586,"column":22},"end":{"line":586,"column":48}},"loc":{"start":{"line":586,"column":52},"end":{"line":606,"column":null}}},"30":{"name":"getNewsletterSubscriberCount","decl":{"start":{"line":612,"column":22},"end":{"line":612,"column":null}},"loc":{"start":{"line":612,"column":22},"end":{"line":625,"column":null}}}},"branchMap":{"0":{"loc":{"start":{"line":30,"column":34},"end":{"line":30,"column":46}},"type":"default-arg","locations":[{"start":{"line":30,"column":44},"end":{"line":30,"column":46}}]},"1":{"loc":{"start":{"line":32,"column":17},"end":{"line":32,"column":null}},"type":"binary-expr","locations":[{"start":{"line":32,"column":17},"end":{"line":32,"column":31}},{"start":{"line":32,"column":35},"end":{"line":32,"column":null}}]},"2":{"loc":{"start":{"line":45,"column":4},"end":{"line":57,"column":null}},"type":"if","locations":[{"start":{"line":45,"column":4},"end":{"line":57,"column":null}}]},"3":{"loc":{"start":{"line":64,"column":4},"end":{"line":73,"column":null}},"type":"if","locations":[{"start":{"line":64,"column":4},"end":{"line":73,"column":null}}]},"4":{"loc":{"start":{"line":64,"column":10},"end":{"line":64,"column":64}},"type":"binary-expr","locations":[{"start":{"line":64,"column":10},"end":{"line":64,"column":23}},{"start":{"line":64,"column":27},"end":{"line":64,"column":64}}]},"5":{"loc":{"start":{"line":69,"column":17},"end":{"line":69,"column":null}},"type":"cond-expr","locations":[{"start":{"line":69,"column":42},"end":{"line":69,"column":55}},{"start":{"line":69,"column":58},"end":{"line":69,"column":null}}]},"6":{"loc":{"start":{"line":70,"column":15},"end":{"line":70,"column":null}},"type":"cond-expr","locations":[{"start":{"line":70,"column":40},"end":{"line":70,"column":51}},{"start":{"line":70,"column":54},"end":{"line":70,"column":null}}]},"7":{"loc":{"start":{"line":88,"column":2},"end":{"line":88,"column":10}},"type":"default-arg","locations":[{"start":{"line":88,"column":9},"end":{"line":88,"column":10}}]},"8":{"loc":{"start":{"line":89,"column":2},"end":{"line":89,"column":15}},"type":"default-arg","locations":[{"start":{"line":89,"column":13},"end":{"line":89,"column":15}}]},"9":{"loc":{"start":{"line":90,"column":2},"end":{"line":90,"column":18}},"type":"default-arg","locations":[{"start":{"line":90,"column":14},"end":{"line":90,"column":18}}]},"10":{"loc":{"start":{"line":100,"column":13},"end":{"line":100,"column":32}},"type":"binary-expr","locations":[{"start":{"line":100,"column":13},"end":{"line":100,"column":26}},{"start":{"line":100,"column":30},"end":{"line":100,"column":32}}]},"11":{"loc":{"start":{"line":101,"column":2},"end":{"line":103,"column":null}},"type":"if","locations":[{"start":{"line":101,"column":2},"end":{"line":103,"column":null}}]},"12":{"loc":{"start":{"line":112,"column":15},"end":{"line":112,"column":null}},"type":"binary-expr","locations":[{"start":{"line":112,"column":15},"end":{"line":112,"column":51}},{"start":{"line":112,"column":51},"end":{"line":112,"column":null}}]},"13":{"loc":{"start":{"line":114,"column":11},"end":{"line":114,"column":52}},"type":"binary-expr","locations":[{"start":{"line":114,"column":11},"end":{"line":114,"column":47}},{"start":{"line":114,"column":47},"end":{"line":114,"column":52}}]},"14":{"loc":{"start":{"line":133,"column":4},"end":{"line":135,"column":null}},"type":"if","locations":[{"start":{"line":133,"column":4},"end":{"line":135,"column":null}}]},"15":{"loc":{"start":{"line":133,"column":8},"end":{"line":133,"column":51}},"type":"binary-expr","locations":[{"start":{"line":133,"column":8},"end":{"line":133,"column":21}},{"start":{"line":133,"column":25},"end":{"line":133,"column":51}}]},"16":{"loc":{"start":{"line":139,"column":15},"end":{"line":139,"column":null}},"type":"cond-expr","locations":[{"start":{"line":139,"column":40},"end":{"line":139,"column":53}},{"start":{"line":139,"column":56},"end":{"line":139,"column":null}}]},"17":{"loc":{"start":{"line":158,"column":4},"end":{"line":165,"column":null}},"type":"if","locations":[{"start":{"line":158,"column":4},"end":{"line":165,"column":null}}]},"18":{"loc":{"start":{"line":162,"column":18},"end":{"line":162,"column":null}},"type":"binary-expr","locations":[{"start":{"line":162,"column":18},"end":{"line":162,"column":31}},{"start":{"line":162,"column":35},"end":{"line":162,"column":null}}]},"19":{"loc":{"start":{"line":163,"column":14},"end":{"line":163,"column":29}},"type":"binary-expr","locations":[{"start":{"line":163,"column":14},"end":{"line":163,"column":23}},{"start":{"line":163,"column":27},"end":{"line":163,"column":29}}]},"20":{"loc":{"start":{"line":171,"column":15},"end":{"line":171,"column":null}},"type":"cond-expr","locations":[{"start":{"line":171,"column":40},"end":{"line":171,"column":53}},{"start":{"line":171,"column":56},"end":{"line":171,"column":null}}]},"21":{"loc":{"start":{"line":185,"column":11},"end":{"line":185,"column":30}},"type":"binary-expr","locations":[{"start":{"line":185,"column":11},"end":{"line":185,"column":24}},{"start":{"line":185,"column":28},"end":{"line":185,"column":30}}]},"22":{"loc":{"start":{"line":188,"column":15},"end":{"line":188,"column":null}},"type":"cond-expr","locations":[{"start":{"line":188,"column":40},"end":{"line":188,"column":53}},{"start":{"line":188,"column":56},"end":{"line":188,"column":null}}]},"23":{"loc":{"start":{"line":202,"column":11},"end":{"line":202,"column":30}},"type":"binary-expr","locations":[{"start":{"line":202,"column":11},"end":{"line":202,"column":24}},{"start":{"line":202,"column":28},"end":{"line":202,"column":30}}]},"24":{"loc":{"start":{"line":217,"column":47},"end":{"line":217,"column":55}},"type":"default-arg","locations":[{"start":{"line":217,"column":54},"end":{"line":217,"column":55}}]},"25":{"loc":{"start":{"line":217,"column":57},"end":{"line":217,"column":67}},"type":"default-arg","locations":[{"start":{"line":217,"column":65},"end":{"line":217,"column":67}}]},"26":{"loc":{"start":{"line":229,"column":42},"end":{"line":229,"column":50}},"type":"default-arg","locations":[{"start":{"line":229,"column":49},"end":{"line":229,"column":50}}]},"27":{"loc":{"start":{"line":229,"column":52},"end":{"line":229,"column":62}},"type":"default-arg","locations":[{"start":{"line":229,"column":60},"end":{"line":229,"column":62}}]},"28":{"loc":{"start":{"line":252,"column":6},"end":{"line":254,"column":null}},"type":"if","locations":[{"start":{"line":252,"column":6},"end":{"line":254,"column":null}}]},"29":{"loc":{"start":{"line":252,"column":10},"end":{"line":252,"column":56}},"type":"binary-expr","locations":[{"start":{"line":252,"column":10},"end":{"line":252,"column":24}},{"start":{"line":252,"column":28},"end":{"line":252,"column":56}}]},"30":{"loc":{"start":{"line":263,"column":6},"end":{"line":265,"column":null}},"type":"if","locations":[{"start":{"line":263,"column":6},"end":{"line":265,"column":null}}]},"31":{"loc":{"start":{"line":285,"column":46},"end":{"line":285,"column":57}},"type":"default-arg","locations":[{"start":{"line":285,"column":55},"end":{"line":285,"column":57}}]},"32":{"loc":{"start":{"line":285,"column":59},"end":{"line":285,"column":68}},"type":"default-arg","locations":[{"start":{"line":285,"column":67},"end":{"line":285,"column":68}}]},"33":{"loc":{"start":{"line":290,"column":4},"end":{"line":292,"column":null}},"type":"if","locations":[{"start":{"line":290,"column":4},"end":{"line":292,"column":null}}]},"34":{"loc":{"start":{"line":290,"column":8},"end":{"line":290,"column":37}},"type":"binary-expr","locations":[{"start":{"line":290,"column":8},"end":{"line":290,"column":18}},{"start":{"line":290,"column":18},"end":{"line":290,"column":37}}]},"35":{"loc":{"start":{"line":297,"column":12},"end":{"line":297,"column":30}},"type":"binary-expr","locations":[{"start":{"line":297,"column":12},"end":{"line":297,"column":25}},{"start":{"line":297,"column":29},"end":{"line":297,"column":30}}]},"36":{"loc":{"start":{"line":313,"column":41},"end":{"line":313,"column":51}},"type":"default-arg","locations":[{"start":{"line":313,"column":49},"end":{"line":313,"column":51}}]},"37":{"loc":{"start":{"line":315,"column":4},"end":{"line":317,"column":null}},"type":"if","locations":[{"start":{"line":315,"column":4},"end":{"line":317,"column":null}}]},"38":{"loc":{"start":{"line":315,"column":8},"end":{"line":315,"column":45}},"type":"binary-expr","locations":[{"start":{"line":315,"column":8},"end":{"line":315,"column":18}},{"start":{"line":315,"column":18},"end":{"line":315,"column":45}}]},"39":{"loc":{"start":{"line":322,"column":11},"end":{"line":322,"column":30}},"type":"binary-expr","locations":[{"start":{"line":322,"column":11},"end":{"line":322,"column":24}},{"start":{"line":322,"column":28},"end":{"line":322,"column":30}}]},"40":{"loc":{"start":{"line":369,"column":2},"end":{"line":369,"column":null}},"type":"if","locations":[{"start":{"line":369,"column":2},"end":{"line":369,"column":null}}]},"41":{"loc":{"start":{"line":372,"column":2},"end":{"line":374,"column":null}},"type":"if","locations":[{"start":{"line":372,"column":2},"end":{"line":374,"column":null}}]},"42":{"loc":{"start":{"line":388,"column":2},"end":{"line":388,"column":null}},"type":"if","locations":[{"start":{"line":388,"column":2},"end":{"line":388,"column":null}}]},"43":{"loc":{"start":{"line":396,"column":14},"end":{"line":396,"column":null}},"type":"binary-expr","locations":[{"start":{"line":396,"column":14},"end":{"line":396,"column":27}},{"start":{"line":396,"column":31},"end":{"line":396,"column":null}}]},"44":{"loc":{"start":{"line":399,"column":14},"end":{"line":399,"column":null}},"type":"binary-expr","locations":[{"start":{"line":399,"column":14},"end":{"line":399,"column":27}},{"start":{"line":399,"column":31},"end":{"line":399,"column":null}}]},"45":{"loc":{"start":{"line":400,"column":10},"end":{"line":400,"column":25}},"type":"binary-expr","locations":[{"start":{"line":400,"column":10},"end":{"line":400,"column":19}},{"start":{"line":400,"column":23},"end":{"line":400,"column":25}}]},"46":{"loc":{"start":{"line":401,"column":16},"end":{"line":401,"column":null}},"type":"binary-expr","locations":[{"start":{"line":401,"column":16},"end":{"line":401,"column":32}},{"start":{"line":401,"column":36},"end":{"line":401,"column":null}}]},"47":{"loc":{"start":{"line":403,"column":18},"end":{"line":403,"column":35}},"type":"binary-expr","locations":[{"start":{"line":403,"column":18},"end":{"line":403,"column":30}},{"start":{"line":403,"column":34},"end":{"line":403,"column":35}}]},"48":{"loc":{"start":{"line":404,"column":30},"end":{"line":404,"column":47}},"type":"binary-expr","locations":[{"start":{"line":404,"column":30},"end":{"line":404,"column":42}},{"start":{"line":404,"column":46},"end":{"line":404,"column":47}}]},"49":{"loc":{"start":{"line":445,"column":11},"end":{"line":445,"column":null}},"type":"binary-expr","locations":[{"start":{"line":445,"column":11},"end":{"line":445,"column":23}},{"start":{"line":445,"column":23},"end":{"line":445,"column":null}}]},"50":{"loc":{"start":{"line":485,"column":32},"end":{"line":485,"column":42}},"type":"default-arg","locations":[{"start":{"line":485,"column":40},"end":{"line":485,"column":42}}]},"51":{"loc":{"start":{"line":485,"column":44},"end":{"line":485,"column":54}},"type":"default-arg","locations":[{"start":{"line":485,"column":53},"end":{"line":485,"column":54}}]},"52":{"loc":{"start":{"line":485,"column":56},"end":{"line":485,"column":69}},"type":"default-arg","locations":[{"start":{"line":485,"column":65},"end":{"line":485,"column":69}}]},"53":{"loc":{"start":{"line":487,"column":2},"end":{"line":489,"column":null}},"type":"if","locations":[{"start":{"line":487,"column":2},"end":{"line":489,"column":null}}]},"54":{"loc":{"start":{"line":522,"column":11},"end":{"line":522,"column":30}},"type":"binary-expr","locations":[{"start":{"line":522,"column":11},"end":{"line":522,"column":24}},{"start":{"line":522,"column":28},"end":{"line":522,"column":30}}]},"55":{"loc":{"start":{"line":535,"column":50},"end":{"line":535,"column":62}},"type":"default-arg","locations":[{"start":{"line":535,"column":58},"end":{"line":535,"column":62}}]},"56":{"loc":{"start":{"line":537,"column":2},"end":{"line":539,"column":null}},"type":"if","locations":[{"start":{"line":537,"column":2},"end":{"line":539,"column":null}}]},"57":{"loc":{"start":{"line":567,"column":4},"end":{"line":570,"column":null}},"type":"if","locations":[{"start":{"line":567,"column":4},"end":{"line":570,"column":null}}]},"58":{"loc":{"start":{"line":569,"column":22},"end":{"line":569,"column":null}},"type":"binary-expr","locations":[{"start":{"line":569,"column":22},"end":{"line":569,"column":34}},{"start":{"line":569,"column":38},"end":{"line":569,"column":null}}]},"59":{"loc":{"start":{"line":596,"column":4},"end":{"line":599,"column":null}},"type":"if","locations":[{"start":{"line":596,"column":4},"end":{"line":599,"column":null}}]},"60":{"loc":{"start":{"line":598,"column":22},"end":{"line":598,"column":null}},"type":"binary-expr","locations":[{"start":{"line":598,"column":22},"end":{"line":598,"column":34}},{"start":{"line":598,"column":38},"end":{"line":598,"column":null}}]},"61":{"loc":{"start":{"line":616,"column":4},"end":{"line":618,"column":null}},"type":"if","locations":[{"start":{"line":616,"column":4},"end":{"line":618,"column":null}}]}},"s":{"0":0,"1":0,"2":0,"3":0,"4":0,"5":0,"6":1,"7":0,"8":0,"9":0,"10":0,"11":0,"12":12,"13":5,"14":0,"15":0,"16":0,"17":0,"18":0,"19":0,"20":0,"21":0,"22":0,"23":0,"24":0,"25":0,"26":0,"27":0,"28":2,"29":2,"30":2,"31":2,"32":2,"33":15,"34":15,"35":15,"36":15,"37":14,"38":2,"39":2,"40":2,"41":12,"42":12,"43":3,"44":1,"45":3,"46":11,"47":11,"48":11,"49":9,"50":9,"51":0,"52":0,"53":9,"54":0,"55":0,"56":0,"57":0,"58":0,"59":0,"60":0,"61":4,"62":4,"63":3,"64":3,"65":0,"66":3,"67":1,"68":1,"69":0,"70":0,"71":0,"72":0,"73":0,"74":0,"75":0,"76":0,"77":0,"78":0,"79":0,"80":0,"81":0,"82":0,"83":0,"84":0,"85":0,"86":0,"87":0,"88":0,"89":0,"90":0,"91":0,"92":0,"93":0,"94":0,"95":0,"96":0,"97":0,"98":0,"99":0,"100":0,"101":0,"102":0,"103":0,"104":0,"105":0,"106":0,"107":0,"108":0,"109":0,"110":0,"111":0,"112":0,"113":0,"114":0,"115":0,"116":0,"117":0,"118":0,"119":0,"120":0,"121":0,"122":0,"123":0,"124":0,"125":0,"126":0,"127":0,"128":0,"129":0,"130":0,"131":0,"132":0,"133":0,"134":0,"135":0,"136":0,"137":0,"138":0,"139":0,"140":0,"141":0,"142":0,"143":0,"144":0,"145":0,"146":0,"147":0,"148":0,"149":0,"150":0,"151":0,"152":0,"153":0,"154":0,"155":0,"156":0,"157":0,"158":0,"159":0,"160":0,"161":0,"162":0,"163":0,"164":0,"165":0,"166":0,"167":0,"168":0,"169":0,"170":0,"171":0,"172":0,"173":0,"174":0,"175":0,"176":0,"177":0,"178":0,"179":0,"180":2},"f":{"0":15,"1":11,"2":0,"3":0,"4":4,"5":0,"6":0,"7":0,"8":0,"9":0,"10":0,"11":0,"12":0,"13":0,"14":0,"15":0,"16":0,"17":0,"18":0,"19":0,"20":0,"21":0,"22":0,"23":0,"24":0,"25":0,"26":0,"27":0,"28":0,"29":0,"30":0},"b":{"0":[15],"1":[15,15],"2":[2],"3":[1],"4":[3,3],"5":[1,0],"6":[1,0],"7":[0],"8":[0],"9":[11],"10":[9,9],"11":[0],"12":[9,9],"13":[9,9],"14":[0],"15":[0,0],"16":[0,0],"17":[0],"18":[0,0],"19":[0,0],"20":[1,0],"21":[0,0],"22":[0,0],"23":[0,0],"24":[0],"25":[0],"26":[0],"27":[0],"28":[0],"29":[0,0],"30":[0],"31":[0],"32":[0],"33":[0],"34":[0,0],"35":[0,0],"36":[0],"37":[0],"38":[0,0],"39":[0,0],"40":[0],"41":[0],"42":[0],"43":[0,0],"44":[0,0],"45":[0,0],"46":[0,0],"47":[0,0],"48":[0,0],"49":[0,0],"50":[0],"51":[0],"52":[0],"53":[0],"54":[0,0],"55":[0],"56":[0],"57":[0],"58":[0,0],"59":[0],"60":[0,0],"61":[0]}}
,"C:\\Users\\mattm\\glad-labs-website\\web\\public-site\\lib\\api.js": {"path":"C:\\Users\\mattm\\glad-labs-website\\web\\public-site\\lib\\api.js","statementMap":{"0":{"start":{"line":29,"column":2},"end":{"line":29,"column":null}},"1":{"start":{"line":22,"column":2},"end":{"line":22,"column":null}},"2":{"start":{"line":16,"column":2},"end":{"line":16,"column":null}},"3":{"start":{"line":34,"column":2},"end":{"line":34,"column":null}},"4":{"start":{"line":19,"column":2},"end":{"line":19,"column":null}},"5":{"start":{"line":12,"column":2},"end":{"line":12,"column":null}},"6":{"start":{"line":26,"column":2},"end":{"line":26,"column":null}},"7":{"start":{"line":10,"column":2},"end":{"line":10,"column":null}},"8":{"start":{"line":21,"column":2},"end":{"line":21,"column":null}},"9":{"start":{"line":24,"column":2},"end":{"line":24,"column":null}},"10":{"start":{"line":9,"column":2},"end":{"line":9,"column":null}},"11":{"start":{"line":11,"column":2},"end":{"line":11,"column":null}},"12":{"start":{"line":14,"column":2},"end":{"line":14,"column":null}},"13":{"start":{"line":15,"column":2},"end":{"line":15,"column":null}},"14":{"start":{"line":17,"column":2},"end":{"line":17,"column":null}},"15":{"start":{"line":13,"column":2},"end":{"line":13,"column":null}},"16":{"start":{"line":31,"column":2},"end":{"line":31,"column":null}},"17":{"start":{"line":32,"column":2},"end":{"line":32,"column":null}},"18":{"start":{"line":25,"column":2},"end":{"line":25,"column":null}},"19":{"start":{"line":30,"column":2},"end":{"line":30,"column":null}},"20":{"start":{"line":27,"column":2},"end":{"line":27,"column":null}},"21":{"start":{"line":18,"column":2},"end":{"line":18,"column":null}},"22":{"start":{"line":35,"column":2},"end":{"line":35,"column":null}},"23":{"start":{"line":20,"column":2},"end":{"line":20,"column":null}},"24":{"start":{"line":36,"column":7},"end":{"line":36,"column":null}}},"fnMap":{},"branchMap":{},"s":{"0":0,"1":0,"2":0,"3":0,"4":0,"5":1,"6":0,"7":0,"8":0,"9":0,"10":1,"11":1,"12":0,"13":0,"14":0,"15":0,"16":0,"17":0,"18":0,"19":0,"20":0,"21":0,"22":0,"23":0,"24":1},"f":{},"b":{}}
,"C:\\Users\\mattm\\glad-labs-website\\web\\public-site\\lib\\content-utils.js": {"path":"C:\\Users\\mattm\\glad-labs-website\\web\\public-site\\lib\\content-utils.js","statementMap":{"0":{"start":{"line":8,"column":16},"end":{"line":8,"column":37}},"1":{"start":{"line":184,"column":16},"end":{"line":184,"column":34}},"2":{"start":{"line":204,"column":16},"end":{"line":204,"column":32}},"3":{"start":{"line":24,"column":16},"end":{"line":24,"column":27}},"4":{"start":{"line":52,"column":16},"end":{"line":52,"column":30}},"5":{"start":{"line":76,"column":16},"end":{"line":76,"column":35}},"6":{"start":{"line":140,"column":16},"end":{"line":140,"column":32}},"7":{"start":{"line":288,"column":16},"end":{"line":288,"column":29}},"8":{"start":{"line":230,"column":16},"end":{"line":230,"column":40}},"9":{"start":{"line":315,"column":16},"end":{"line":315,"column":28}},"10":{"start":{"line":164,"column":16},"end":{"line":164,"column":38}},"11":{"start":{"line":264,"column":16},"end":{"line":264,"column":29}},"12":{"start":{"line":276,"column":16},"end":{"line":276,"column":31}},"13":{"start":{"line":249,"column":16},"end":{"line":249,"column":33}},"14":{"start":{"line":332,"column":16},"end":{"line":332,"column":30}},"15":{"start":{"line":304,"column":16},"end":{"line":304,"column":29}},"16":{"start":{"line":1,"column":19},"end":{"line":1,"column":null}},"17":{"start":{"line":2,"column":19},"end":{"line":2,"column":null}},"18":{"start":{"line":9,"column":2},"end":{"line":11,"column":null}},"19":{"start":{"line":10,"column":4},"end":{"line":10,"column":null}},"20":{"start":{"line":14,"column":20},"end":{"line":14,"column":54}},"21":{"start":{"line":15,"column":22},"end":{"line":15,"column":null}},"22":{"start":{"line":17,"column":2},"end":{"line":17,"column":35}},"23":{"start":{"line":25,"column":2},"end":{"line":27,"column":null}},"24":{"start":{"line":26,"column":4},"end":{"line":26,"column":null}},"25":{"start":{"line":29,"column":2},"end":{"line":45,"column":null}},"26":{"start":{"line":30,"column":17},"end":{"line":30,"column":null}},"27":{"start":{"line":31,"column":4},"end":{"line":33,"column":null}},"28":{"start":{"line":32,"column":6},"end":{"line":32,"column":null}},"29":{"start":{"line":35,"column":4},"end":{"line":39,"column":null}},"30":{"start":{"line":41,"column":4},"end":{"line":43,"column":null}},"31":{"start":{"line":42,"column":6},"end":{"line":42,"column":null}},"32":{"start":{"line":44,"column":4},"end":{"line":44,"column":null}},"33":{"start":{"line":53,"column":2},"end":{"line":55,"column":null}},"34":{"start":{"line":54,"column":4},"end":{"line":54,"column":null}},"35":{"start":{"line":57,"column":2},"end":{"line":69,"column":null}},"36":{"start":{"line":58,"column":17},"end":{"line":58,"column":null}},"37":{"start":{"line":59,"column":4},"end":{"line":61,"column":null}},"38":{"start":{"line":60,"column":6},"end":{"line":60,"column":null}},"39":{"start":{"line":63,"column":4},"end":{"line":63,"column":null}},"40":{"start":{"line":65,"column":4},"end":{"line":67,"column":null}},"41":{"start":{"line":66,"column":6},"end":{"line":66,"column":null}},"42":{"start":{"line":68,"column":4},"end":{"line":68,"column":null}},"43":{"start":{"line":77,"column":2},"end":{"line":79,"column":null}},"44":{"start":{"line":78,"column":4},"end":{"line":78,"column":null}},"45":{"start":{"line":81,"column":2},"end":{"line":133,"column":null}},"46":{"start":{"line":82,"column":17},"end":{"line":82,"column":null}},"47":{"start":{"line":83,"column":4},"end":{"line":85,"column":null}},"48":{"start":{"line":84,"column":6},"end":{"line":84,"column":null}},"49":{"start":{"line":87,"column":16},"end":{"line":87,"column":null}},"50":{"start":{"line":88,"column":20},"end":{"line":88,"column":null}},"51":{"start":{"line":91,"column":4},"end":{"line":93,"column":null}},"52":{"start":{"line":92,"column":6},"end":{"line":92,"column":null}},"53":{"start":{"line":96,"column":4},"end":{"line":99,"column":null}},"54":{"start":{"line":97,"column":22},"end":{"line":97,"column":null}},"55":{"start":{"line":98,"column":6},"end":{"line":98,"column":null}},"56":{"start":{"line":102,"column":4},"end":{"line":105,"column":null}},"57":{"start":{"line":103,"column":20},"end":{"line":103,"column":null}},"58":{"start":{"line":104,"column":6},"end":{"line":104,"column":null}},"59":{"start":{"line":108,"column":4},"end":{"line":111,"column":null}},"60":{"start":{"line":109,"column":19},"end":{"line":109,"column":null}},"61":{"start":{"line":110,"column":6},"end":{"line":110,"column":null}},"62":{"start":{"line":114,"column":4},"end":{"line":117,"column":null}},"63":{"start":{"line":115,"column":20},"end":{"line":115,"column":null}},"64":{"start":{"line":116,"column":6},"end":{"line":116,"column":null}},"65":{"start":{"line":120,"column":4},"end":{"line":123,"column":null}},"66":{"start":{"line":121,"column":21},"end":{"line":121,"column":null}},"67":{"start":{"line":122,"column":6},"end":{"line":122,"column":null}},"68":{"start":{"line":126,"column":18},"end":{"line":126,"column":null}},"69":{"start":{"line":127,"column":4},"end":{"line":127,"column":null}},"70":{"start":{"line":129,"column":4},"end":{"line":131,"column":null}},"71":{"start":{"line":130,"column":6},"end":{"line":130,"column":null}},"72":{"start":{"line":132,"column":4},"end":{"line":132,"column":null}},"73":{"start":{"line":141,"column":2},"end":{"line":143,"column":null}},"74":{"start":{"line":142,"column":4},"end":{"line":142,"column":null}},"75":{"start":{"line":146,"column":23},"end":{"line":150,"column":null}},"76":{"start":{"line":153,"column":2},"end":{"line":156,"column":null}},"77":{"start":{"line":154,"column":22},"end":{"line":154,"column":null}},"78":{"start":{"line":155,"column":4},"end":{"line":155,"column":null}},"79":{"start":{"line":158,"column":2},"end":{"line":158,"column":null}},"80":{"start":{"line":165,"column":22},"end":{"line":165,"column":null}},"81":{"start":{"line":167,"column":14},"end":{"line":167,"column":null}},"82":{"start":{"line":168,"column":2},"end":{"line":172,"column":null}},"83":{"start":{"line":169,"column":4},"end":{"line":169,"column":null}},"84":{"start":{"line":170,"column":9},"end":{"line":172,"column":null}},"85":{"start":{"line":171,"column":4},"end":{"line":171,"column":null}},"86":{"start":{"line":174,"column":2},"end":{"line":178,"column":null}},"87":{"start":{"line":185,"column":2},"end":{"line":187,"column":null}},"88":{"start":{"line":186,"column":4},"end":{"line":186,"column":null}},"89":{"start":{"line":190,"column":29},"end":{"line":190,"column":null}},"90":{"start":{"line":191,"column":16},"end":{"line":191,"column":null}},"91":{"start":{"line":193,"column":2},"end":{"line":195,"column":null}},"92":{"start":{"line":194,"column":4},"end":{"line":194,"column":null}},"93":{"start":{"line":197,"column":2},"end":{"line":197,"column":null}},"94":{"start":{"line":205,"column":2},"end":{"line":207,"column":null}},"95":{"start":{"line":206,"column":4},"end":{"line":206,"column":null}},"96":{"start":{"line":209,"column":23},"end":{"line":209,"column":null}},"97":{"start":{"line":210,"column":19},"end":{"line":210,"column":21}},"98":{"start":{"line":213,"column":2},"end":{"line":222,"column":null}},"99":{"start":{"line":214,"column":18},"end":{"line":214,"column":33}},"100":{"start":{"line":215,"column":17},"end":{"line":215,"column":null}},"101":{"start":{"line":216,"column":15},"end":{"line":219,"column":null}},"102":{"start":{"line":221,"column":4},"end":{"line":221,"column":null}},"103":{"start":{"line":224,"column":2},"end":{"line":224,"column":null}},"104":{"start":{"line":231,"column":19},"end":{"line":231,"column":null}},"105":{"start":{"line":233,"column":2},"end":{"line":235,"column":null}},"106":{"start":{"line":234,"column":4},"end":{"line":234,"column":null}},"107":{"start":{"line":237,"column":2},"end":{"line":242,"column":null}},"108":{"start":{"line":238,"column":19},"end":{"line":238,"column":33}},"109":{"start":{"line":239,"column":17},"end":{"line":242,"column":null}},"110":{"start":{"line":250,"column":2},"end":{"line":258,"column":null}},"111":{"start":{"line":251,"column":30},"end":{"line":251,"column":null}},"112":{"start":{"line":252,"column":4},"end":{"line":252,"column":null}},"113":{"start":{"line":254,"column":4},"end":{"line":256,"column":null}},"114":{"start":{"line":255,"column":6},"end":{"line":255,"column":null}},"115":{"start":{"line":257,"column":4},"end":{"line":257,"column":null}},"116":{"start":{"line":265,"column":2},"end":{"line":267,"column":null}},"117":{"start":{"line":266,"column":4},"end":{"line":266,"column":null}},"118":{"start":{"line":269,"column":2},"end":{"line":269,"column":null}},"119":{"start":{"line":277,"column":2},"end":{"line":279,"column":null}},"120":{"start":{"line":278,"column":4},"end":{"line":278,"column":null}},"121":{"start":{"line":281,"column":16},"end":{"line":281,"column":null}},"122":{"start":{"line":282,"column":2},"end":{"line":282,"column":null}},"123":{"start":{"line":289,"column":2},"end":{"line":291,"column":null}},"124":{"start":{"line":290,"column":4},"end":{"line":290,"column":null}},"125":{"start":{"line":293,"column":2},"end":{"line":298,"column":26}},"126":{"start":{"line":305,"column":2},"end":{"line":307,"column":null}},"127":{"start":{"line":306,"column":4},"end":{"line":306,"column":null}},"128":{"start":{"line":309,"column":2},"end":{"line":309,"column":null}},"129":{"start":{"line":316,"column":2},"end":{"line":318,"column":null}},"130":{"start":{"line":317,"column":4},"end":{"line":317,"column":null}},"131":{"start":{"line":320,"column":2},"end":{"line":325,"column":null}},"132":{"start":{"line":322,"column":19},"end":{"line":322,"column":26}},"133":{"start":{"line":333,"column":2},"end":{"line":335,"column":null}},"134":{"start":{"line":334,"column":4},"end":{"line":334,"column":null}},"135":{"start":{"line":337,"column":2},"end":{"line":345,"column":null}}},"fnMap":{"0":{"name":"calculateReadingTime","decl":{"start":{"line":8,"column":16},"end":{"line":8,"column":37}},"loc":{"start":{"line":8,"column":44},"end":{"line":18,"column":null}}},"1":{"name":"formatDate","decl":{"start":{"line":24,"column":16},"end":{"line":24,"column":27}},"loc":{"start":{"line":24,"column":37},"end":{"line":46,"column":null}}},"2":{"name":"formatDateISO","decl":{"start":{"line":52,"column":16},"end":{"line":52,"column":30}},"loc":{"start":{"line":52,"column":40},"end":{"line":70,"column":null}}},"3":{"name":"formatDateRelative","decl":{"start":{"line":76,"column":16},"end":{"line":76,"column":35}},"loc":{"start":{"line":76,"column":45},"end":{"line":134,"column":null}}},"4":{"name":"generateExcerpt","decl":{"start":{"line":140,"column":16},"end":{"line":140,"column":32}},"loc":{"start":{"line":140,"column":56},"end":{"line":159,"column":null}}},"5":{"name":"getReadingTimeDetails","decl":{"start":{"line":164,"column":16},"end":{"line":164,"column":38}},"loc":{"start":{"line":164,"column":45},"end":{"line":179,"column":null}}},"6":{"name":"extractFirstImage","decl":{"start":{"line":184,"column":16},"end":{"line":184,"column":34}},"loc":{"start":{"line":184,"column":41},"end":{"line":198,"column":null}}},"7":{"name":"extractHeadings","decl":{"start":{"line":204,"column":16},"end":{"line":204,"column":32}},"loc":{"start":{"line":204,"column":39},"end":{"line":225,"column":null}}},"8":{"name":"generateTableOfContents","decl":{"start":{"line":230,"column":16},"end":{"line":230,"column":40}},"loc":{"start":{"line":230,"column":47},"end":{"line":243,"column":null}}},"9":{"name":"(anonymous_27)","decl":{"start":{"line":238,"column":12},"end":{"line":238,"column":13}},"loc":{"start":{"line":238,"column":19},"end":{"line":238,"column":33}}},"10":{"name":"(anonymous_28)","decl":{"start":{"line":239,"column":9},"end":{"line":239,"column":10}},"loc":{"start":{"line":239,"column":17},"end":{"line":242,"column":null}}},"11":{"name":"parseFrontmatter","decl":{"start":{"line":249,"column":16},"end":{"line":249,"column":33}},"loc":{"start":{"line":249,"column":48},"end":{"line":259,"column":null}}},"12":{"name":"getWordCount","decl":{"start":{"line":264,"column":16},"end":{"line":264,"column":29}},"loc":{"start":{"line":264,"column":36},"end":{"line":270,"column":null}}},"13":{"name":"highlightQuery","decl":{"start":{"line":276,"column":16},"end":{"line":276,"column":31}},"loc":{"start":{"line":276,"column":42},"end":{"line":283,"column":null}}},"14":{"name":"generateSlug","decl":{"start":{"line":288,"column":16},"end":{"line":288,"column":29}},"loc":{"start":{"line":288,"column":34},"end":{"line":299,"column":null}}},"15":{"name":"truncateText","decl":{"start":{"line":304,"column":16},"end":{"line":304,"column":29}},"loc":{"start":{"line":304,"column":50},"end":{"line":310,"column":null}}},"16":{"name":"getInitials","decl":{"start":{"line":315,"column":16},"end":{"line":315,"column":28}},"loc":{"start":{"line":315,"column":32},"end":{"line":326,"column":null}}},"17":{"name":"(anonymous_35)","decl":{"start":{"line":322,"column":9},"end":{"line":322,"column":10}},"loc":{"start":{"line":322,"column":19},"end":{"line":322,"column":26}}},"18":{"name":"stripHtmlTags","decl":{"start":{"line":332,"column":16},"end":{"line":332,"column":30}},"loc":{"start":{"line":332,"column":34},"end":{"line":346,"column":null}}}},"branchMap":{"0":{"loc":{"start":{"line":9,"column":2},"end":{"line":11,"column":null}},"type":"if","locations":[{"start":{"line":9,"column":2},"end":{"line":11,"column":null}}]},"1":{"loc":{"start":{"line":9,"column":6},"end":{"line":9,"column":47}},"type":"binary-expr","locations":[{"start":{"line":9,"column":6},"end":{"line":9,"column":18}},{"start":{"line":9,"column":18},"end":{"line":9,"column":47}}]},"2":{"loc":{"start":{"line":25,"column":2},"end":
[...]
ne":206,"column":null}}},"14":{"name":"generatePreconnectLink","decl":{"start":{"line":211,"column":16},"end":{"line":211,"column":39}},"loc":{"start":{"line":211,"column":42},"end":{"line":218,"column":null}}},"15":{"name":"generateDNSPrefetchLink","decl":{"start":{"line":223,"column":16},"end":{"line":223,"column":40}},"loc":{"start":{"line":223,"column":43},"end":{"line":230,"column":null}}},"16":{"name":"buildPostSEO","decl":{"start":{"line":235,"column":16},"end":{"line":235,"column":29}},"loc":{"start":{"line":235,"column":47},"end":{"line":258,"column":null}}},"17":{"name":"isValidURL","decl":{"start":{"line":263,"column":16},"end":{"line":263,"column":27}},"loc":{"start":{"line":263,"column":30},"end":{"line":273,"column":null}}},"18":{"name":"generateBreadcrumbs","decl":{"start":{"line":278,"column":16},"end":{"line":278,"column":36}},"loc":{"start":{"line":278,"column":46},"end":{"line":292,"column":null}}},"19":{"name":"(anonymous_42)","decl":{"start":{"line":283,"column":19},"end":{"line":283,"column":20}},"loc":{"start":{"line":283,"column":20},"end":{"line":289,"column":null}}},"20":{"name":"generateImageAltText","decl":{"start":{"line":297,"column":16},"end":{"line":297,"column":37}},"loc":{"start":{"line":297,"column":70},"end":{"line":307,"column":null}}},"21":{"name":"checkContentReadability","decl":{"start":{"line":313,"column":16},"end":{"line":313,"column":40}},"loc":{"start":{"line":313,"column":44},"end":{"line":329,"column":null}}},"22":{"name":"extractKeywords","decl":{"start":{"line":335,"column":16},"end":{"line":335,"column":32}},"loc":{"start":{"line":335,"column":47},"end":{"line":530,"column":null}}},"23":{"name":"(anonymous_46)","decl":{"start":{"line":518,"column":16},"end":{"line":518,"column":17}},"loc":{"start":{"line":518,"column":17},"end":{"line":522,"column":null}}},"24":{"name":"(anonymous_47)","decl":{"start":{"line":526,"column":12},"end":{"line":526,"column":13}},"loc":{"start":{"line":526,"column":28},"end":{"line":526,"column":null}}},"25":{"name":"(anonymous_48)","decl":{"start":{"line":527,"column":10},"end":{"line":527,"column":11}},"loc":{"start":{"line":527,"column":20},"end":{"line":527,"column":31}}},"26":{"name":"(anonymous_49)","decl":{"start":{"line":529,"column":9},"end":{"line":529,"column":10}},"loc":{"start":{"line":529,"column":21},"end":{"line":529,"column":null}}}},"branchMap":{"0":{"loc":{"start":{"line":10,"column":46},"end":{"line":10,"column":59}},"type":"default-arg","locations":[{"start":{"line":10,"column":57},"end":{"line":10,"column":59}}]},"1":{"loc":{"start":{"line":11,"column":2},"end":{"line":11,"column":null}},"type":"if","locations":[{"start":{"line":11,"column":2},"end":{"line":11,"column":null}}]},"2":{"loc":{"start":{"line":14,"column":2},"end":{"line":16,"column":null}},"type":"if","locations":[{"start":{"line":14,"column":2},"end":{"line":16,"column":null}}]},"3":{"loc":{"start":{"line":26,"column":2},"end":{"line":26,"column":24}},"type":"default-arg","locations":[{"start":{"line":26,"column":13},"end":{"line":26,"column":24}}]},"4":{"loc":{"start":{"line":27,"column":2},"end":{"line":27,"column":19}},"type":"default-arg","locations":[{"start":{"line":27,"column":11},"end":{"line":27,"column":19}}]},"5":{"loc":{"start":{"line":29,"column":20},"end":{"line":29,"column":null}},"type":"cond-expr","locations":[{"start":{"line":29,"column":31},"end":{"line":29,"column":44}},{"start":{"line":29,"column":47},"end":{"line":29,"column":null}}]},"6":{"loc":{"start":{"line":32,"column":20},"end":{"line":32,"column":null}},"type":"cond-expr","locations":[{"start":{"line":32,"column":31},"end":{"line":32,"column":64}},{"start":{"line":32,"column":67},"end":{"line":32,"column":null}}]},"7":{"loc":{"start":{"line":34,"column":2},"end":{"line":36,"column":null}},"type":"if","locations":[{"start":{"line":34,"column":2},"end":{"line":36,"column":null}}]},"8":{"loc":{"start":{"line":44,"column":43},"end":{"line":44,"column":76}},"type":"default-arg","locations":[{"start":{"line":44,"column":53},"end":{"line":44,"column":76}}]},"9":{"loc":{"start":{"line":45,"column":2},"end":{"line":45,"column":null}},"type":"if","locations":[{"start":{"line":45,"column":2},"end":{"line":45,"column":null}}]},"10":{"loc":{"start":{"line":56,"column":37},"end":{"line":56,"column":70}},"type":"default-arg","locations":[{"start":{"line":56,"column":47},"end":{"line":56,"column":70}}]},"11":{"loc":{"start":{"line":57,"column":2},"end":{"line":57,"column":null}},"type":"if","locations":[{"start":{"line":57,"column":2},"end":{"line":57,"column":null}}]},"12":{"loc":{"start":{"line":61,"column":19},"end":{"line":61,"column":63}},"type":"binary-expr","locations":[{"start":{"line":61,"column":19},"end":{"line":61,"column":38}},{"start":{"line":61,"column":38},"end":{"line":61,"column":63}}]},"13":{"loc":{"start":{"line":66,"column":22},"end":{"line":66,"column":null}},"type":"binary-expr","locations":[{"start":{"line":66,"column":22},"end":{"line":66,"column":33}},{"start":{"line":66,"column":33},"end":{"line":66,"column":null}}]},"14":{"loc":{"start":{"line":81,"column":2},"end":{"line":81,"column":31}},"type":"default-arg","locations":[{"start":{"line":81,"column":18},"end":{"line":81,"column":31}}]},"15":{"loc":{"start":{"line":82,"column":2},"end":{"line":82,"column":35}},"type":"default-arg","locations":[{"start":{"line":82,"column":12},"end":{"line":82,"column":35}}]},"16":{"loc":{"start":{"line":84,"column":2},"end":{"line":84,"column":null}},"type":"if","locations":[{"start":{"line":84,"column":2},"end":{"line":84,"column":null}}]},"17":{"loc":{"start":{"line":88,"column":19},"end":{"line":88,"column":63}},"type":"binary-expr","locations":[{"start":{"line":88,"column":19},"end":{"line":88,"column":38}},{"start":{"line":88,"column":38},"end":{"line":88,"column":63}}]},"18":{"loc":{"start":{"line":93,"column":27},"end":{"line":93,"column":null}},"type":"binary-expr","locations":[{"start":{"line":93,"column":27},"end":{"line":93,"column":38}},{"start":{"line":93,"column":38},"end":{"line":93,"column":null}}]},"19":{"loc":{"start":{"line":103,"column":34},"end":{"line":103,"column":46}},"type":"default-arg","locations":[{"start":{"line":103,"column":44},"end":{"line":103,"column":46}}]},"20":{"loc":{"start":{"line":105,"column":4},"end":{"line":105,"column":16}},"type":"default-arg","locations":[{"start":{"line":105,"column":12},"end":{"line":105,"column":16}}]},"21":{"loc":{"start":{"line":106,"column":4},"end":{"line":106,"column":17}},"type":"default-arg","locations":[{"start":{"line":106,"column":13},"end":{"line":106,"column":17}}]},"22":{"loc":{"start":{"line":107,"column":4},"end":{"line":107,"column":18}},"type":"default-arg","locations":[{"start":{"line":107,"column":14},"end":{"line":107,"column":18}}]},"23":{"loc":{"start":{"line":108,"column":4},"end":{"line":108,"column":21}},"type":"default-arg","locations":[{"start":{"line":108,"column":17},"end":{"line":108,"column":21}}]},"24":{"loc":{"start":{"line":109,"column":4},"end":{"line":109,"column":18}},"type":"default-arg","locations":[{"start":{"line":109,"column":14},"end":{"line":109,"column":18}}]},"25":{"loc":{"start":{"line":114,"column":2},"end":{"line":115,"column":null}},"type":"if","locations":[{"start":{"line":114,"column":2},"end":{"line":115,"column":null}},{"start":{"line":115,"column":7},"end":{"line":115,"column":null}}]},"26":{"loc":{"start":{"line":117,"column":2},"end":{"line":118,"column":null}},"type":"if","locations":[{"start":{"line":117,"column":2},"end":{"line":118,"column":null}},{"start":{"line":118,"column":7},"end":{"line":118,"column":null}}]},"27":{"loc":{"start":{"line":120,"column":2},"end":{"line":120,"column":null}},"type":"if","locations":[{"start":{"line":120,"column":2},"end":{"line":120,"column":null}}]},"28":{"loc":{"start":{"line":121,"column":2},"end":{"line":121,"column":null}},"type":"if","locations":[{"start":{"line":121,"column":2},"end":{"line":121,"column":null}}]},"29":{"loc":{"start":{"line":122,"column":2},"end":{"line":122,"column":null}},"type":"if","locations":[{"start":{"line":122,"column":2},"end":{"line":122,"column":null}}]},"30":{"loc":{"start":{"line":132,"column":2},"end":{"line":132,"column":null}},"type":"default-arg","locations":[{"start":{"line":132,"column":14},"end":{"line":132,"column":null}}]},"31":{"loc":{"start":{"line":133,"column":2},"end":{"line":133,"column":35}},"type":"default-arg","locations":[{"start":{"line":133,"column":12},"end":{"line":133,"column":35}}]},"32":{"loc":{"start":{"line":164,"column":38},"end":{"line":164,"column":55}},"type":"default-arg","locations":[{"start":{"line":164,"column":46},"end":{"line":164,"column":55}}]},"33":{"loc":{"start":{"line":175,"column":2},"end":{"line":175,"column":null}},"type":"if","locations":[{"start":{"line":175,"column":2},"end":{"line":175,"column":null}}]},"34":{"loc":{"start":{"line":187,"column":2},"end":{"line":187,"column":null}},"type":"if","locations":[{"start":{"line":187,"column":2},"end":{"line":187,"column":null}}]},"35":{"loc":{"start":{"line":200,"column":2},"end":{"line":200,"column":null}},"type":"if","locations":[{"start":{"line":200,"column":2},"end":{"line":200,"column":null}}]},"36":{"loc":{"start":{"line":212,"column":2},"end":{"line":212,"column":null}},"type":"if","locations":[{"start":{"line":212,"column":2},"end":{"line":212,"column":null}}]},"37":{"loc":{"start":{"line":224,"column":2},"end":{"line":224,"column":null}},"type":"if","locations":[{"start":{"line":224,"column":2},"end":{"line":224,"column":null}}]},"38":{"loc":{"start":{"line":235,"column":35},"end":{"line":235,"column":47}},"type":"default-arg","locations":[{"start":{"line":235,"column":45},"end":{"line":235,"column":47}}]},"39":{"loc":{"start":{"line":237,"column":4},"end":{"line":237,"column":37}},"type":"default-arg","locations":[{"start":{"line":237,"column":14},"end":{"line":237,"column":37}}]},"40":{"loc":{"start":{"line":238,"column":4},"end":{"line":238,"column":26}},"type":"default-arg","locations":[{"start":{"line":238,"column":15},"end":{"line":238,"column":26}}]},"41":{"loc":{"start":{"line":239,"column":4},"end":{"line":239,"column":33}},"type":"default-arg","locations":[{"start":{"line":239,"column":20},"end":{"line":239,"column":33}}]},"42":{"loc":{"start":{"line":268,"column":4},"end":{"line":270,"column":null}},"type":"if","locations":[{"start":{"line":268,"column":4},"end":{"line":270,"column":null}}]},"43":{"loc":{"start":{"line":278,"column":36},"end":{"line":278,"column":46}},"type":"default-arg","locations":[{"start":{"line":278,"column":43},"end":{"line":278,"column":46}}]},"44":{"loc":{"start":{"line":297,"column":44},"end":{"line":297,"column":70}},"type":"default-arg","locations":[{"start":{"line":297,"column":54},"end":{"line":297,"column":70}}]},"45":{"loc":{"start":{"line":298,"column":2},"end":{"line":298,"column":null}},"type":"if","locations":[{"start":{"line":298,"column":2},"end":{"line":298,"column":null}}]},"46":{"loc":{"start":{"line":302,"column":2},"end":{"line":304,"column":null}},"type":"if","locations":[{"start":{"line":302,"column":2},"end":{"line":304,"column":null}}]},"47":{"loc":{"start":{"line":314,"column":2},"end":{"line":314,"column":null}},"type":"if","locations":[{"start":{"line":314,"column":2},"end":{"line":314,"column":null}}]},"48":{"loc":{"start":{"line":318,"column":20},"end":{"line":318,"column":null}},"type":"binary-expr","locations":[{"start":{"line":318,"column":20},"end":{"line":318,"column":54}},{"start":{"line":318,"column":54},"end":{"line":318,"column":null}}]},"49":{"loc":{"start":{"line":320,"column":2},"end":{"line":320,"column":null}},"type":"if","locations":[{"start":{"line":320,"column":2},"end":{"line":320,"column":null}}]},"50":{"loc":{"start":{"line":326,"column":2},"end":{"line":326,"column":null}},"type":"if","locations":[{"start":{"line":326,"column":2},"end":{"line":326,"column":null}}]},"51":{"loc":{"start":{"line":327,"column":2},"end":{"line":327,"column":null}},"type":"if","locations":[{"start":{"line":327,"column":2},"end":{"line":327,"column":null}}]},"52":{"loc":{"start":{"line":335,"column":38},"end":{"line":335,"column":47}},"type":"default-arg","locations":[{"start":{"line":335,"column":46},"end":{"line":335,"column":47}}]},"53":{"loc":{"start":{"line":336,"column":2},"end":{"line":336,"column":null}},"type":"if","locations":[{"start":{"line":336,"column":2},"end":{"line":336,"column":null}}]},"54":{"loc":{"start":{"line":515,"column":16},"end":{"line":515,"column":64}},"type":"binary-expr","locations":[{"start":{"line":515,"column":16},"end":{"line":515,"column":62}},{"start":{"line":515,"column":62},"end":{"line":515,"column":64}}]},"55":{"loc":{"start":{"line":519,"column":4},"end":{"line":521,"column":null}},"type":"if","locations":[{"start":{"line":519,"column":4},"end":{"line":521,"column":null}}]},"56":{"loc":{"start":{"line":519,"column":8},"end":{"line":519,"column":71}},"type":"binary-expr","locations":[{"start":{"line":519,"column":8},"end":{"line":519,"column":32}},{"start":{"line":519,"column":32},"end":{"line":519,"column":52}},{"start":{"line":519,"column":52},"end":{"line":519,"column":71}}]},"57":{"loc":{"start":{"line":520,"column":21},"end":{"line":520,"column":41}},"type":"binary-expr","locations":[{"start":{"line":520,"column":21},"end":{"line":520,"column":32}},{"start":{"line":520,"column":36},"end":{"line":520,"column":41}}]}},"s":{"0":0,"1":0,"2":0,"3":0,"4":0,"5":0,"6":0,"7":0,"8":0,"9":0,"10":0,"11":0,"12":0,"13":0,"14":6,"15":0,"16":0,"17":0,"18":0,"19":0,"20":0,"21":1,"22":0,"23":0,"24":0,"25":0,"26":0,"27":0,"28":0,"29":0,"30":0,"31":0,"32":0,"33":0,"34":0,"35":0,"36":6,"37":0,"38":6,"39":6,"40":6,"41":6,"42":0,"43":0,"44":0,"45":0,"46":0,"47":0,"48":0,"49":0,"50":0,"51":0,"52":0,"53":0,"54":0,"55":0,"56":0,"57":0,"58":0,"59":0,"60":0,"61":0,"62":0,"63":0,"64":0,"65":0,"66":0,"67":0,"68":0,"69":0,"70":0,"71":0,"72":0,"73":0,"74":0,"75":0,"76":0,"77":0,"78":0,"79":0,"80":0,"81":0,"82":0,"83":0,"84":0,"85":0,"86":0,"87":0,"88":0,"89":0,"90":0,"91":0,"92":0,"93":0,"94":0,"95":0,"96":0,"97":0,"98":0,"99":0,"100":0,"101":0,"102":0,"103":0,"104":0,"105":0,"106":0,"107":0,"108":0,"109":0,"110":0,"111":0,"112":0,"113":0,"114":0,"115":0,"116":0,"117":0,"118":0,"119":0,"120":0,"121":0,"122":0,"123":0,"124":0,"125":0,"126":0,"127":0,"128":0,"129":0,"130":0,"131":0,"132":0,"133":0},"f":{"0":0,"1":0,"2":0,"3":6,"4":0,"5":0,"6":0,"7":0,"8":0,"9":0,"10":0,"11":0,"12":0,"13":0,"14":0,"15":0,"16":0,"17":0,"18":0,"19":0,"20":0,"21":0,"22":0,"23":0,"24":0,"25":0,"26":0},"b":{"0":[0],"1":[0],"2":[0],"3":[0],"4":[0],"5":[0,0],"6":[0,0],"7":[0],"8":[0],"9":[0],"10":[6],"11":[0],"12":[6,6],"13":[6,0],"14":[0],"15":[0],"16":[0],"17":[0,0],"18":[0,0],"19":[0],"20":[0],"21":[0],"22":[0],"23":[0],"24":[0],"25":[0,0],"26":[0,0],"27":[0],"28":[0],"29":[0],"30":[0],"31":[0],"32":[0],"33":[0],"34":[0],"35":[0],"36":[0],"37":[0],"38":[0],"39":[0],"40":[0],"41":[0],"42":[0],"43":[0],"44":[0],"45":[0],"46":[0],"47":[0],"48":[0,0],"49":[0],"50":[0],"51":[0],"52":[0],"53":[0],"54":[0,0],"55":[0],"56":[0,0,0],"57":[0,0]}}
,"C:\\Users\\mattm\\glad-labs-website\\web\\public-site\\lib\\url.js": {"path":"C:\\Users\\mattm\\glad-labs-website\\web\\public-site\\lib\\url.js","statementMap":{"0":{"start":{"line":82,"column":16},"end":{"line":82,"column":null}},"1":{"start":{"line":66,"column":16},"end":{"line":66,"column":31}},"2":{"start":{"line":11,"column":16},"end":{"line":11,"column":null}},"3":{"start":{"line":15,"column":4},"end":{"line":15,"column":79}},"4":{"start":{"line":17,"column":2},"end":{"line":25,"column":null}},"5":{"start":{"line":18,"column":4},"end":{"line":23,"column":null}},"6":{"start":{"line":19,"column":6},"end":{"line":21,"column":null}},"7":{"start":{"line":24,"column":4},"end":{"line":24,"column":null}},"8":{"start":{"line":28,"column":2},"end":{"line":34,"column":null}},"9":{"start":{"line":29,"column":4},"end":{"line":29,"column":null}},"10":{"start":{"line":31,"column":4},"end":{"line":32,"column":null}},"11":{"start":{"line":36,"column":2},"end":{"line":40,"column":null}},"12":{"start":{"line":37,"column":4},"end":{"line":38,"column":null}},"13":{"start":{"line":43,"column":4},"end":{"line":45,"column":null}},"14":{"start":{"line":47,"column":2},"end":{"line":52,"column":null}},"15":{"start":{"line":48,"column":4},"end":{"line":50,"column":null}},"16":{"start":{"line":55,"column":2},"end":{"line":55,"column":null}},"17":{"start":{"line":58,"column":20},"end":{"line":58,"column":null}},"18":{"start":{"line":67,"column":2},"end":{"line":67,"column":null}},"19":{"start":{"line":67,"column":13},"end":{"line":67,"column":null}},"20":{"start":{"line":70,"column":2},"end":{"line":72,"column":null}},"21":{"start":{"line":71,"column":4},"end":{"line":71,"column":null}},"22":{"start":{"line":75,"column":2},"end":{"line":75,"column":null}},"23":{"start":{"line":83,"column":2},"end":{"line":83,"column":null}}},"fnMap":{"0":{"name":"resolveApiBaseUrl","decl":{"start":{"line":13,"column":9},"end":{"line":13,"column":null}},"loc":{"start":{"line":13,"column":9},"end":{"line":56,"column":null}}},"1":{"name":"getAbsoluteURL","decl":{"start":{"line":66,"column":16},"end":{"line":66,"column":31}},"loc":{"start":{"line":66,"column":40},"end":{"line":76,"column":null}}},"2":{"name":"getAPIBaseURL","decl":{"start":{"line":82,"column":16},"end":{"line":82,"column":null}},"loc":{"start":{"line":82,"column":16},"end":{"line":84,"column":null}}}},"branchMap":{"0":{"loc":{"start":{"line":15,"column":4},"end":{"line":15,"column":79}},"type":"binary-expr","locations":[{"start":{"line":15,"column":4},"end":{"line":15,"column":40}},{"start":{"line":15,"column":44},"end":{"line":15,"column":79}}]},"1":{"loc":{"start":{"line":17,"column":2},"end":{"line":25,"column":null}},"type":"if","locations":[{"start":{"line":17,"column":2},"end":{"line":25,"column":null}}]},"2":{"loc":{"start":{"line":18,"column":4},"end":{"line":23,"column":null}},"type":"if","locations":[{"start":{"line":18,"column":4},"end":{"line":23,"column":null}}]},"3":{"loc":{"start":{"line":36,"column":2},"end":{"line":40,"column":null}},"type":"if","locations":[{"start":{"line":36,"column":2},"end":{"line":40,"column":null}}]},"4":{"loc":{"start":{"line":43,"column":4},"end":{"line":45,"column":null}},"type":"binary-expr","locations":[{"start":{"line":43,"column":4},"end":{"line":43,"column":null}},{"start":{"line":44,"column":4},"end":{"line":44,"column":null}},{"start":{"line":45,"column":4},"end":{"line":45,"column":null}}]},"5":{"loc":{"start":{"line":47,"column":2},"end":{"line":52,"column":null}},"type":"if","locations":[{"start":{"line":47,"column":2},"end":{"line":52,"column":null}}]},"6":{"loc":{"start":{"line":47,"column":6},"end":{"line":47,"column":30}},"type":"binary-expr","locations":[{"start":{"line":47,"column":6},"end":{"line":47,"column":17}},{"start":{"line":47,"column":17},"end":{"line":47,"column":30}}]},"7":{"loc":{"start":{"line":66,"column":31},"end":{"line":66,"column":40}},"type":"default-arg","locations":[{"start":{"line":66,"column":38},"end":{"line":66,"column":40}}]},"8":{"loc":{"start":{"line":67,"column":2},"end":{"line":67,"column":null}},"type":"if","locations":[{"start":{"line":67,"column":2},"end":{"line":67,"column":null}}]},"9":{"loc":{"start":{"line":70,"column":2},"end":{"line":72,"column":null}},"type":"if","locations":[{"start":{"line":70,"column":2},"end":{"line":72,"column":null}}]},"10":{"loc":{"start":{"line":70,"column":6},"end":{"line":70,"column":65}},"type":"binary-expr","locations":[{"start":{"line":70,"column":6},"end":{"line":70,"column":36}},{"start":{"line":70,"column":36},"end":{"line":70,"column":65}}]}},"s":{"0":9,"1":12,"2":3,"3":3,"4":3,"5":3,"6":0,"7":3,"8":0,"9":0,"10":0,"11":0,"12":0,"13":0,"14":0,"15":0,"16":0,"17":3,"18":12,"19":1,"20":11,"21":0,"22":11,"23":9},"f":{"0":3,"1":12,"2":9},"b":{"0":[3,3],"1":[3],"2":[0],"3":[0],"4":[0,0,0],"5":[0],"6":[0,0],"7":[0],"8":[1],"9":[0],"10":[11,11]}}
}
