TN:
SF:lib\analytics.js
FN:16,(anonymous_21)
FN:30,(anonymous_22)
FN:55,(anonymous_23)
FN:81,(anonymous_24)
FN:103,(anonymous_25)
FN:126,(anonymous_26)
FN:154,(anonymous_27)
FN:182,(anonymous_28)
FN:217,(anonymous_29)
FN:240,(anonymous_30)
FN:266,(anonymous_31)
FN:289,(anonymous_32)
FN:314,(anonymous_33)
FN:344,(anonymous_34)
FN:345,(anonymous_35)
FN:352,(anonymous_36)
FN:362,(anonymous_37)
FN:371,(anonymous_38)
FN:379,(anonymous_39)
FN:399,(anonymous_40)
FN:400,(anonymous_41)
FN:404,(anonymous_42)
FN:419,(anonymous_43)
FN:433,(anonymous_44)
FN:445,(anonymous_45)
FN:455,(anonymous_46)
FN:466,(anonymous_47)
FN:482,(anonymous_48)
FNF:28
FNH:2
FNDA:13,(anonymous_21)
FNDA:0,(anonymous_22)
FNDA:13,(anonymous_23)
FNDA:0,(anonymous_24)
FNDA:0,(anonymous_25)
FNDA:0,(anonymous_26)
FNDA:0,(anonymous_27)
FNDA:0,(anonymous_28)
FNDA:0,(anonymous_29)
FNDA:0,(anonymous_30)
FNDA:0,(anonymous_31)
FNDA:0,(anonymous_32)
FNDA:0,(anonymous_33)
FNDA:0,(anonymous_34)
FNDA:0,(anonymous_35)
FNDA:0,(anonymous_36)
FNDA:0,(anonymous_37)
FNDA:0,(anonymous_38)
FNDA:0,(anonymous_39)
FNDA:0,(anonymous_40)
FNDA:0,(anonymous_41)
FNDA:0,(anonymous_42)
FNDA:0,(anonymous_43)
FNDA:0,(anonymous_44)
FNDA:0,(anonymous_45)
FNDA:0,(anonymous_46)
FNDA:0,(anonymous_47)
FNDA:0,(anonymous_48)
DA:1,1
DA:16,1
DA:17,13
DA:18,13
DA:30,1
DA:31,0
DA:33,0
DA:34,0
DA:42,0
DA:55,13
DA:56,13
DA:58,11
DA:59,11
DA:61,11
DA:69,0
DA:81,1
DA:82,0
DA:84,0
DA:85,0
DA:92,0
DA:103,1
DA:104,0
DA:106,0
DA:107,0
DA:114,0
DA:126,1
DA:132,0
DA:134,0
DA:135,0
DA:143,0
DA:154,1
DA:159,0
DA:161,0
DA:162,0
DA:170,0
DA:182,1
DA:183,0
DA:185,0
DA:186,0
DA:188,0
DA:189,0
DA:190,0
DA:191,0
DA:192,0
DA:193,0
DA:194,0
DA:195,0
DA:198,0
DA:206,0
DA:217,1
DA:218,0
DA:220,0
DA:221,0
DA:228,0
DA:240,1
DA:245,0
DA:247,0
DA:248,0
DA:255,0
DA:266,1
DA:267,0
DA:269,0
DA:270,0
DA:278,0
DA:289,1
DA:294,0
DA:296,0
DA:297,0
DA:304,0
DA:314,1
DA:315,0
DA:317,0
DA:318,0
DA:325,0
DA:344,1
DA:345,0
DA:347,0
DA:349,0
DA:350,0
DA:352,0
DA:353,0
DA:354,0
DA:355,0
DA:358,0
DA:359,0
DA:362,0
DA:363,0
DA:364,0
DA:365,0
DA:366,0
DA:371,0
DA:372,0
DA:373,0
DA:376,0
DA:379,0
DA:380,0
DA:381,0
DA:399,1
DA:400,0
DA:402,0
DA:404,0
DA:405,0
DA:406,0
DA:409,0
DA:410,0
DA:411,0
DA:413,0
DA:419,0
DA:420,0
DA:421,0
DA:422,0
DA:423,0
DA:424,0
DA:429,0
DA:430,0
DA:433,0
DA:434,0
DA:435,0
DA:445,1
DA:446,0
DA:455,1
DA:456,0
DA:466,1
DA:467,0
DA:468,0
DA:469,0
DA:470,0
DA:471,0
DA:482,1
DA:483,0
DA:484,0
DA:485,0
DA:488,1
LF:133
LH:27
BRDA:17,0,0,0
BRDA:30,1,0,0
BRDA:30,2,0,0
BRDA:31,3,0,0
BRDA:55,4,0,0
BRDA:56,5,0,2
BRDA:59,6,0,10
BRDA:59,7,0,11
BRDA:64,8,0,11
BRDA:64,8,1,0
BRDA:81,9,0,0
BRDA:82,10,0,0
BRDA:103,11,0,0
BRDA:103,12,0,0
BRDA:104,13,0,0
BRDA:129,14,0,0
BRDA:130,15,0,0
BRDA:132,16,0,0
BRDA:156,17,0,0
BRDA:157,18,0,0
BRDA:159,19,0,0
BRDA:182,20,0,0
BRDA:183,21,0,0
BRDA:188,22,0,0
BRDA:188,22,1,0
BRDA:190,23,0,0
BRDA:190,23,1,0
BRDA:192,24,0,0
BRDA:192,24,1,0
BRDA:194,25,0,0
BRDA:217,26,0,0
BRDA:218,27,0,0
BRDA:243,28,0,0
BRDA:245,29,0,0
BRDA:266,30,0,0
BRDA:267,31,0,0
BRDA:291,32,0,0
BRDA:292,33,0,0
BRDA:294,34,0,0
BRDA:299,35,0,0
BRDA:299,35,1,0
BRDA:314,36,0,0
BRDA:315,37,0,0
BRDA:322,38,0,0
BRDA:322,38,1,0
BRDA:344,39,0,0
BRDA:344,40,0,0
BRDA:345,41,0,0
BRDA:347,42,0,0
BRDA:347,43,0,0
BRDA:359,44,0,0
BRDA:359,44,1,0
BRDA:364,45,0,0
BRDA:364,46,0,0
BRDA:364,46,1,0
BRDA:399,47,0,0
BRDA:400,48,0,0
BRDA:409,49,0,0
BRDA:409,50,0,0
BRDA:409,50,1,0
BRDA:420,51,0,0
BRDA:423,52,0,0
BRDA:446,53,0,0
BRDA:446,53,1,0
BRDA:456,54,0,0
BRDA:456,54,1,0
BRDA:467,55,0,0
BRDA:483,56,0,0
BRF:68
BRH:4
end_of_record
TN:
SF:lib\api-fastapi.js
FN:30,fetchAPI
FN:87,getPaginatedPosts
FN:102,(anonymous_32)
FN:126,getFeaturedPost
FN:153,getPostBySlug
FN:182,getCategories
FN:199,getTags
FN:217,getPostsByCategory
FN:229,getPostsByTag
FN:240,getAllPosts
FN:257,(anonymous_40)
FN:285,getRelatedPosts
FN:298,(anonymous_42)
FN:313,searchPosts
FN:335,getCMSStatus
FN:351,validateFastAPI
FN:368,getImageURL
FN:387,formatPost
FN:418,getOAuthLoginURL
FN:430,handleOAuthCallback
FN:442,getCurrentUser
FN:456,logout
FN:471,createTask
FN:485,listTasks
FN:499,getTaskById
FN:507,getTaskMetrics
FN:519,getAvailableModels
FN:535,testModelProvider
FN:557,subscribeToNewsletter
FN:586,unsubscribeFromNewsletter
FN:612,getNewsletterSubscriberCount
FNF:31
FNH:3
FNDA:15,fetchAPI
FNDA:11,getPaginatedPosts
FNDA:0,(anonymous_32)
FNDA:0,getFeaturedPost
FNDA:4,getPostBySlug
FNDA:0,getCategories
FNDA:0,getTags
FNDA:0,getPostsByCategory
FNDA:0,getPostsByTag
FNDA:0,getAllPosts
FNDA:0,(anonymous_40)
FNDA:0,getRelatedPosts
FNDA:0,(anonymous_42)
FNDA:0,searchPosts
FNDA:0,getCMSStatus
FNDA:0,validateFastAPI
FNDA:0,getImageURL
FNDA:0,formatPost
FNDA:0,getOAuthLoginURL
FNDA:0,handleOAuthCallback
FNDA:0,getCurrentUser
FNDA:0,logout
FNDA:0,createTask
FNDA:0,listTasks
FNDA:0,getTaskById
FNDA:0,getTaskMetrics
FNDA:0,getAvailableModels
FNDA:0,testModelProvider
FNDA:0,subscribeToNewsletter
FNDA:0,unsubscribeFromNewsletter
FNDA:0,getNewsletterSubscriberCount
DA:1,2
DA:14,2
DA:15,2
DA:16,2
DA:19,2
DA:31,15
DA:32,15
DA:34,15
DA:35,15
DA:45,14
DA:46,2
DA:49,2
DA:56,2
DA:59,12
DA:60,12
DA:64,3
DA:66,1
DA:74,3
DA:87,12
DA:92,11
DA:95,11
DA:97,11
DA:100,9
DA:101,9
DA:102,0
DA:106,9
DA:126,0
DA:127,0
DA:129,0
DA:133,0
DA:134,0
DA:136,0
DA:138,0
DA:142,0
DA:153,5
DA:154,4
DA:155,4
DA:156,3
DA:158,3
DA:159,0
DA:167,3
DA:169,1
DA:173,1
DA:182,1
DA:183,0
DA:184,0
DA:185,0
DA:187,0
DA:190,0
DA:199,0
DA:200,0
DA:201,0
DA:202,0
DA:204,0
DA:205,0
DA:217,0
DA:218,0
DA:229,0
DA:230,0
DA:240,0
DA:241,0
DA:242,0
DA:243,0
DA:244,0
DA:247,0
DA:248,0
DA:252,0
DA:253,0
DA:256,0
DA:257,0
DA:263,0
DA:264,0
DA:267,0
DA:270,0
DA:272,0
DA:273,0
DA:285,0
DA:286,0
DA:288,0
DA:290,0
DA:291,0
DA:294,0
DA:297,0
DA:298,0
DA:301,0
DA:302,0
DA:313,0
DA:314,0
DA:315,0
DA:316,0
DA:319,0
DA:320,0
DA:322,0
DA:324,0
DA:325,0
DA:335,0
DA:336,0
DA:337,0
DA:338,0
DA:340,0
DA:341,0
DA:351,0
DA:352,0
DA:353,0
DA:354,0
DA:356,0
DA:357,0
DA:368,0
DA:369,0
DA:372,0
DA:373,0
DA:377,0
DA:387,0
DA:388,0
DA:390,0
DA:418,0
DA:419,0
DA:420,0
DA:430,0
DA:431,0
DA:442,0
DA:443,0
DA:444,0
DA:445,0
DA:447,0
DA:448,0
DA:456,0
DA:457,0
DA:471,0
DA:472,0
DA:485,0
DA:486,0
DA:487,0
DA:488,0
DA:491,0
DA:499,0
DA:500,0
DA:507,0
DA:508,0
DA:519,0
DA:520,0
DA:521,0
DA:522,0
DA:524,0
DA:525,0
DA:535,0
DA:536,0
DA:537,0
DA:538,0
DA:541,0
DA:557,0
DA:558,0
DA:559,0
DA:567,0
DA:568,0
DA:569,0
DA:572,0
DA:574,0
DA:575,0
DA:586,0
DA:587,0
DA:588,0
DA:596,0
DA:597,0
DA:598,0
DA:601,0
DA:603,0
DA:604,0
DA:612,0
DA:613,0
DA:614,0
DA:616,0
DA:617,0
DA:620,0
DA:622,0
DA:623,0
DA:628,2
LF:177
LH:35
BRDA:30,0,0,15
BRDA:32,1,0,15
BRDA:32,1,1,15
BRDA:45,2,0,2
BRDA:64,3,0,1
BRDA:64,4,0,3
BRDA:64,4,1,3
BRDA:69,5,0,1
BRDA:69,5,1,0
BRDA:70,6,0,1
BRDA:70,6,1,0
BRDA:88,7,0,0
BRDA:89,8,0,0
BRDA:90,9,0,11
BRDA:100,10,0,9
BRDA:100,10,1,9
BRDA:101,11,0,0
BRDA:112,12,0,9
BRDA:112,12,1,9
BRDA:114,13,0,9
BRDA:114,13,1,9
BRDA:133,14,0,0
BRDA:133,15,0,0
BRDA:133,15,1,0
BRDA:139,16,0,0
BRDA:139,16,1,0
BRDA:158,17,0,0
BRDA:162,18,0,0
BRDA:162,18,1,0
BRDA:163,19,0,0
BRDA:163,19,1,0
BRDA:171,20,0,1
BRDA:171,20,1,0
BRDA:185,21,0,0
BRDA:185,21,1,0
BRDA:188,22,0,0
BRDA:188,22,1,0
BRDA:202,23,0,0
BRDA:202,23,1,0
BRDA:217,24,0,0
BRDA:217,25,0,0
BRDA:229,26,0,0
BRDA:229,27,0,0
BRDA:252,28,0,0
BRDA:252,29,0,0
BRDA:252,29,1,0
BRDA:263,30,0,0
BRDA:285,31,0,0
BRDA:285,32,0,0
BRDA:290,33,0,0
BRDA:290,34,0,0
BRDA:290,34,1,0
BRDA:297,35,0,0
BRDA:297,35,1,0
BRDA:313,36,0,0
BRDA:315,37,0,0
BRDA:315,38,0,0
BRDA:315,38,1,0
BRDA:322,39,0,0
BRDA:322,39,1,0
BRDA:369,40,0,0
BRDA:372,41,0,0
BRDA:388,42,0,0
BRDA:396,43,0,0
BRDA:396,43,1,0
BRDA:399,44,0,0
BRDA:399,44,1,0
BRDA:400,45,0,0
BRDA:400,45,1,0
BRDA:401,46,0,0
BRDA:401,46,1,0
BRDA:403,47,0,0
BRDA:403,47,1,0
BRDA:404,48,0,0
BRDA:404,48,1,0
BRDA:445,49,0,0
BRDA:445,49,1,0
BRDA:485,50,0,0
BRDA:485,51,0,0
BRDA:485,52,0,0
BRDA:487,53,0,0
BRDA:522,54,0,0
BRDA:522,54,1,0
BRDA:535,55,0,0
BRDA:537,56,0,0
BRDA:567,57,0,0
BRDA:569,58,0,0
BRDA:569,58,1,0
BRDA:596,59,0,0
BRDA:598,60,0,0
BRDA:598,60,1,0
BRDA:616,61,0,0
BRF:92
BRH:17
end_of_record
TN:
SF:lib\api.js
FNF:0
FNH:0
DA:9,1
DA:10,0
DA:11,1
DA:12,1
DA:13,0
DA:14,0
DA:15,0
DA:16,0
DA:17,0
DA:18,0
DA:19,0
DA:20,0
DA:21,0
DA:22,0
DA:24,0
DA:25,0
DA:26,0
DA:27,0
DA:29,0
DA:30,0
DA:31,0
DA:32,0
DA:34,0
DA:35,0
DA:36,1
LF:25
LH:4
BRF:0
BRH:0
end_of_record
TN:
SF:lib\content-utils.js
FN:8,calculateReadingTime
FN:24,formatDate
FN:52,formatDateISO
FN:76,formatDateRelative
FN:140,generateExcerpt
FN:164,getReadingTimeDetails
FN:184,extractFirstImage
FN:204,extractHeadings
FN:230,generateTableOfContents
FN:238,(anonymous_27)
FN:239,(anonymous_28)
FN:249,parseFrontmatter
FN:264,getWordCount
FN:276,highlightQuery
FN:288,generateSlug
FN:304,truncateText
FN:315,getInitials
FN:322,(anonymous_35)
FN:332,stripHtmlTags
FNF:19
FNH:3
FNDA:0,calculateReadingTime
FNDA:8,formatDate
FNDA:0,formatDateISO
FNDA:0,formatDateRelative
FNDA:8,generateExcerpt
FNDA:0,getReadingTimeDetails
FNDA:6,extractFirstImage
FNDA:0,extractHeadings
FNDA:0,generateTableOfContents
FNDA:0,(anonymous_27)
FNDA:0,(anonymous_28)
FNDA:0,parseFrontmatter
FNDA:0,getWordCount
FNDA:0,highlightQuery
FNDA:0,generateSlug
FNDA:0,truncateText
FNDA:0,getInitials
FNDA:0,(anonymous_35)
FNDA:0,stripHtmlTags
DA:1,1
DA:2,1
DA:8,0
DA:9,0
DA:10,0
DA:14,0
DA:15,0
DA:17,0
DA:24,8
DA:25,8
DA:26,2
DA:29,6
DA:30,6
DA:31,6
DA:32,1
DA:35,5
DA:41,0
DA:42,0
DA:44,0
DA:52,0
DA:53,0
DA:54,0
DA:57,0
DA:58,0
DA:59,0
DA:60,0
DA:63,0
DA:65,0
DA:66,0
DA:68,0
DA:76,0
DA:77,0
DA:78,0
DA:81,0
DA:82,0
DA:83,0
DA:84,0
DA:87,0
DA:88,0
DA:91,0
DA:92,0
DA:96,0
DA:97,0
DA:98,0
DA:102,0
DA:103,0
DA:104,0
DA:108,0
DA:109,0
DA:110,0
DA:114,0
DA:115,0
DA:116,0
DA:120,0
DA:121,0
DA:122,0
DA:126,0
DA:127,0
DA:129,0
DA:130,0
DA:132,0
DA:140,8
DA:141,8
DA:142,2
DA:146,6
DA:153,6
DA:154,3
DA:155,3
DA:158,3
DA:164,0
DA:165,0
DA:167,0
DA:168,0
DA:169,0
DA:170,0
DA:171,0
DA:174,0
DA:184,6
DA:185,6
DA:186,1
DA:190,5
DA:191,5
DA:193,5
DA:194,3
DA:197,2
DA:204,0
DA:205,0
DA:206,0
DA:209,0
DA:210,0
DA:213,0
DA:214,0
DA:215,0
DA:216,0
DA:221,0
DA:224,0
DA:230,0
DA:231,0
DA:233,0
DA:234,0
DA:237,0
DA:238,0
DA:239,0
DA:249,0
DA:250,0
DA:251,0
DA:252,0
DA:254,0
DA:255,0
DA:257,0
DA:264,0
DA:265,0
DA:266,0
DA:269,0
DA:276,0
DA:277,0
DA:278,0
DA:281,0
DA:282,0
DA:288,0
DA:289,0
DA:290,0
DA:293,0
DA:304,0
DA:305,0
DA:306,0
DA:309,0
DA:315,0
DA:316,0
DA:317,0
DA:320,0
DA:322,0
DA:332,0
DA:333,0
DA:334,0
DA:337,0
LF:136
LH:26
BRDA:9,0,0,0
BRDA:9,1,0,0
BRDA:9,1,1,0
BRDA:25,2,0,2
BRDA:31,3,0,1
BRDA:41,4,0,0
BRDA:53,5,0,0
BRDA:59,6,0,0
BRDA:65,7,0,0
BRDA:77,8,0,0
BRDA:83,9,0,0
BRDA:91,10,0,0
BRDA:96,11,0,0
BRDA:98,12,0,0
BRDA:98,12,1,0
BRDA:102,13,0,0
BRDA:104,14,0,0
BRDA:104,14,1,0
BRDA:108,15,0,0
BRDA:110,16,0,0
BRDA:110,16,1,0
BRDA:114,17,0,0
BRDA:116,18,0,0
BRDA:116,18,1,0
BRDA:120,19,0,0
BRDA:122,20,0,0
BRDA:122,20,1,0
BRDA:127,21,0,0
BRDA:127,21,1,0
BRDA:129,22,0,0
BRDA:140,23,0,3
BRDA:141,24,0,2
BRDA:141,25,0,8
BRDA:141,25,1,6
BRDA:153,26,0,3
BRDA:168,27,0,0
BRDA:168,27,1,0
BRDA:168,28,0,0
BRDA:168,28,1,0
BRDA:170,29,0,0
BRDA:185,30,0,1
BRDA:185,31,0,6
BRDA:185,31,1,5
BRDA:193,32,0,3
BRDA:193,33,0,5
BRDA:193,33,1,3
BRDA:205,34,0,0
BRDA:205,35,0,0
BRDA:205,35,1,0
BRDA:233,36,0,0
BRDA:254,37,0,0
BRDA:265,38,0,0
BRDA:265,39,0,0
BRDA:265,39,1,0
BRDA:277,40,0,0
BRDA:277,41,0,0
BRDA:277,41,1,0
BRDA:289,42,0,0
BRDA:289,43,0,0
BRDA:289,43,1,0
BRDA:304,44,0,0
BRDA:305,45,0,0
BRDA:305,46,0,0
BRDA:305,46,1,0
BRDA:316,47,0,0
BRDA:316,48,0,0
BRDA:316,48,1,0
BRDA:333,49,0,0
BRDA:333,50,0,0
BRDA:333,50,1,0
BRF:70
BRH:13
end_of_record
TN:
SF:lib\logger.js
FN:16,initLogDir
FN:32,serializeArg
FN:44,buildLine
FN:50,writeToFile
FN:60,serverLog
FN:72,clientLog
FN:81,emit
FN:91,(anonymous_8)
FN:94,(anonymous_9)
FN:95,(anonymous_10)
FN:98,(anonymous_11)
FN:99,(anonymous_12)
FNF:12
FNH:5
FNDA:0,initLogDir
FNDA:8,serializeArg
FNDA:8,buildLine
FNDA:0,writeToFile
FNDA:0,serverLog
FNDA:8,clientLog
FNDA:8,emit
FNDA:0,(anonymous_8)
FNDA:0,(anonymous_9)
FNDA:0,(anonymous_10)
FNDA:0,(anonymous_11)
FNDA:8,(anonymous_12)
DA:9,6
DA:10,6
DA:13,6
DA:14,6
DA:17,0
DA:18,0
DA:19,0
DA:20,0
DA:21,0
DA:22,0
DA:23,0
DA:24,0
DA:27,0
DA:29,0
DA:33,8
DA:34,4
DA:35,4
DA:36,4
DA:38,0
DA:41,0
DA:45,8
DA:46,8
DA:47,8
DA:51,0
DA:52,0
DA:53,0
DA:54,0
DA:56,0
DA:61,0
DA:62,0
DA:63,0
DA:64,0
DA:67,0
DA:68,0
DA:73,8
DA:75,8
DA:78,8
DA:82,8
DA:83,8
DA:84,0
DA:86,8
DA:90,6
DA:92,0
DA:94,0
DA:96,0
DA:98,0
DA:99,8
DA:102,8
LF:48
LH:20
BRDA:17,0,0,0
BRDA:23,1,0,0
BRDA:33,2,0,4
BRDA:33,3,0,4
BRDA:33,3,1,0
BRDA:34,4,0,4
BRDA:34,5,0,4
BRDA:34,5,1,4
BRDA:46,6,0,8
BRDA:46,6,1,0
BRDA:56,7,0,0
BRDA:56,7,1,0
BRDA:62,8,0,0
BRDA:62,8,1,0
BRDA:64,9,0,0
BRDA:64,10,0,0
BRDA:64,10,1,0
BRDA:67,11,0,0
BRDA:67,11,1,0
BRDA:67,12,0,0
BRDA:67,12,1,0
BRDA:68,13,0,0
BRDA:68,13,1,0
BRDA:73,14,0,0
BRDA:73,15,0,8
BRDA:73,15,1,0
BRDA:73,15,2,0
BRDA:75,16,0,8
BRDA:75,16,1,0
BRDA:83,17,0,0
BRDA:83,17,1,8
BRDA:92,18,0,0
BRDA:96,19,0,0
BRF:33
BRH:9
end_of_record
TN:
SF:lib\posts.ts
FN:45,getPosts
FN:85,getPostBySlug
FN:107,getRelatedPosts
FN:135,getPostsByCategory
FN:178,getAllPublishedPosts
FN:196,(anonymous_15)
FN:212,getNextPost
FN:215,(anonymous_17)
FN:234,getPreviousPost
FN:239,(anonymous_19)
FN:261,getAdjacentPosts
FN:267,(anonymous_21)
FNF:12
FNH:2
FNDA:11,getPosts
FNDA:0,getPostBySlug
FNDA:0,getRelatedPosts
FNDA:2,getPostsByCategory
FNDA:0,getAllPublishedPosts
FNDA:0,(anonymous_15)
FNDA:0,getNextPost
FNDA:0,(anonymous_17)
FNDA:0,getPreviousPost
FNDA:0,(anonymous_19)
FNDA:0,getAdjacentPosts
FNDA:0,(anonymous_21)
DA:1,1
DA:8,1
DA:40,1
DA:45,11
DA:46,11
DA:47,11
DA:49,11
DA:56,10
DA:57,1
DA:60,8
DA:62,8
DA:70,3
DA:72,3
DA:85,0
DA:86,0
DA:88,0
DA:92,0
DA:93,0
DA:96,0
DA:97,0
DA:99,0
DA:100,0
DA:107,0
DA:112,0
DA:113,0
DA:120,0
DA:121,0
DA:124,0
DA:125,0
DA:127,0
DA:128,0
DA:135,2
DA:139,2
DA:140,2
DA:142,2
DA:149,2
DA:150,1
DA:153,1
DA:155,1
DA:163,1
DA:164,1
DA:178,0
DA:179,0
DA:180,0
DA:187,0
DA:188,0
DA:191,0
DA:192,0
DA:195,0
DA:197,0
DA:201,0
DA:202,0
DA:212,0
DA:213,0
DA:214,0
DA:215,0
DA:217,0
DA:218,0
DA:221,0
DA:223,0
DA:224,0
DA:234,0
DA:237,0
DA:238,0
DA:239,0
DA:241,0
DA:242,0
DA:245,0
DA:247,0
DA:248,0
DA:261,0
DA:265,0
DA:266,0
DA:267,0
DA:269,0
DA:270,0
DA:273,0
DA:279,0
DA:280,0
LF:79
LH:23
BRDA:8,0,0,1
BRDA:8,0,1,1
BRDA:8,0,2,1
BRDA:45,1,0,8
BRDA:56,2,0,1
BRDA:63,3,0,8
BRDA:63,3,1,8
BRDA:64,4,0,8
BRDA:64,4,1,8
BRDA:67,5,0,8
BRDA:67,5,1,8
BRDA:92,6,0,0
BRDA:97,7,0,0
BRDA:97,7,1,0
BRDA:97,7,2,0
BRDA:110,8,0,0
BRDA:120,9,0,0
BRDA:125,10,0,0
BRDA:125,10,1,0
BRDA:137,11,0,2
BRDA:149,12,0,1
BRDA:156,13,0,1
BRDA:156,13,1,1
BRDA:157,14,0,1
BRDA:157,14,1,1
BRDA:160,15,0,1
BRDA:160,15,1,1
BRDA:187,16,0,0
BRDA:192,17,0,0
BRDA:192,17,1,0
BRDA:192,17,2,0
BRDA:197,18,0,0
BRDA:197,18,1,0
BRDA:198,19,0,0
BRDA:198,19,1,0
BRDA:217,20,0,0
BRDA:217,21,0,0
BRDA:217,21,1,0
BRDA:241,22,0,0
BRDA:269,23,0,0
BRDA:274,24,0,0
BRDA:274,24,1,0
BRDA:276,25,0,0
BRDA:276,25,1,0
BRF:44
BRH:19
end_of_record
TN:
SF:lib\seo.js
FN:10,buildMetaDescription
FN:24,buildSEOTitle
FN:44,generateCanonicalURL
FN:56,generateOGTags
FN:79,generateTwitterTags
FN:103,generateRobotsTag
FN:130,generateHrefLangTags
FN:135,(anonymous_30)
FN:145,generateViewportTag
FN:155,generateCharsetTag
FN:164,generateThemeColorTag
FN:174,generateAppleTouchIconTag
FN:186,generateFaviconTag
FN:199,generateManifestTag
FN:211,generatePreconnectLink
FN:223,generateDNSPrefetchLink
FN:235,buildPostSEO
FN:263,isValidURL
FN:278,generateBreadcrumbs
FN:283,(anonymous_42)
FN:297,generateImageAltText
FN:313,checkContentReadability
FN:335,extractKeywords
FN:518,(anonymous_46)
FN:526,(anonymous_47)
FN:527,(anonymous_48)
FN:529,(anonymous_49)
FNF:27
FNH:1
FNDA:0,buildMetaDescription
FNDA:0,buildSEOTitle
FNDA:0,generateCanonicalURL
FNDA:6,generateOGTags
FNDA:0,generateTwitterTags
FNDA:0,generateRobotsTag
FNDA:0,generateHrefLangTags
FNDA:0,(anonymous_30)
FNDA:0,generateViewportTag
FNDA:0,generateCharsetTag
FNDA:0,generateThemeColorTag
FNDA:0,generateAppleTouchIconTag
FNDA:0,generateFaviconTag
FNDA:0,generateManifestTag
FNDA:0,generatePreconnectLink
FNDA:0,generateDNSPrefetchLink
FNDA:0,buildPostSEO
FNDA:0,isValidURL
FNDA:0,generateBreadcrumbs
FNDA:0,(anonymous_42)
FNDA:0,generateImageAltText
FNDA:0,checkContentReadability
FNDA:0,extractKeywords
FNDA:0,(anonymous_46)
FNDA:0,(anonymous_47)
FNDA:0,(anonymous_48)
FNDA:0,(anonymous_49)
DA:1,1
DA:10,0
DA:11,0
DA:14,0
DA:15,0
DA:18,0
DA:24,0
DA:29,0
DA:32,0
DA:34,0
DA:35,0
DA:38,0
DA:44,0
DA:45,0
DA:48,0
DA:50,0
DA:56,6
DA:57,6
DA:59,6
DA:61,6
DA:62,6
DA:64,6
DA:79,0
DA:84,0
DA:86,0
DA:88,0
DA:90,0
DA:103,0
DA:110,0
DA:112,0
DA:114,0
DA:115,0
DA:117,0
DA:118,0
DA:120,0
DA:121,0
DA:122,0
DA:124,0
DA:130,0
DA:135,0
DA:145,0
DA:146,0
DA:155,0
DA:156,0
DA:164,0
DA:165,0
DA:174,0
DA:175,0
DA:177,0
DA:186,0
DA:187,0
DA:189,0
DA:199,0
DA:200,0
DA:202,0
DA:211,0
DA:212,0
DA:214,0
DA:223,0
DA:224,0
DA:226,0
DA:235,0
DA:240,0
DA:242,0
DA:244,0
DA:245,0
DA:246,0
DA:247,0
DA:248,0
DA:250,0
DA:263,0
DA:264,0
DA:265,0
DA:266,0
DA:268,0
DA:269,0
DA:271,0
DA:278,0
DA:279,0
DA:280,0
DA:282,0
DA:283,0
DA:284,0
DA:285,0
DA:291,0
DA:297,0
DA:298,0
DA:301,0
DA:302,0
DA:303,0
DA:306,0
DA:313,0
DA:314,0
DA:316,0
DA:317,0
DA:318,0
DA:320,0
DA:324,0
DA:326,0
DA:327,0
DA:328,0
DA:335,0
DA:336,0
DA:339,0
DA:515,0
DA:517,0
DA:518,0
DA:519,0
DA:520,0
DA:525,0
DA:526,0
DA:527,0
DA:529,0
LF:113
LH:7
BRDA:10,0,0,0
BRDA:11,1,0,0
BRDA:14,2,0,0
BRDA:26,3,0,0
BRDA:27,4,0,0
BRDA:29,5,0,0
BRDA:29,5,1,0
BRDA:32,6,0,0
BRDA:32,6,1,0
BRDA:34,7,0,0
BRDA:44,8,0,0
BRDA:45,9,0,0
BRDA:56,10,0,6
BRDA:57,11,0,0
BRDA:61,12,0,6
BRDA:61,12,1,6
BRDA:66,13,0,6
BRDA:66,13,1,0
BRDA:81,14,0,0
BRDA:82,15,0,0
BRDA:84,16,0,0
BRDA:88,17,0,0
BRDA:88,17,1,0
BRDA:93,18,0,0
BRDA:93,18,1,0
BRDA:103,19,0,0
BRDA:105,20,0,0
BRDA:106,21,0,0
BRDA:107,22,0,0
BRDA:108,23,0,0
BRDA:109,24,0,0
BRDA:114,25,0,0
BRDA:114,25,1,0
BRDA:117,26,0,0
BRDA:117,26,1,0
BRDA:120,27,0,0
BRDA:121,28,0,0
BRDA:122,29,0,0
BRDA:132,30,0,0
BRDA:133,31,0,0
BRDA:164,32,0,0
BRDA:175,33,0,0
BRDA:187,34,0,0
BRDA:200,35,0,0
BRDA:212,36,0,0
BRDA:224,37,0,0
BRDA:235,38,0,0
BRDA:237,39,0,0
BRDA:238,40,0,0
BRDA:239,41,0,0
BRDA:268,42,0,0
BRDA:278,43,0,0
BRDA:297,44,0,0
BRDA:298,45,0,0
BRDA:302,46,0,0
BRDA:314,47,0,0
BRDA:318,48,0,0
BRDA:318,48,1,0
BRDA:320,49,0,0
BRDA:326,50,0,0
BRDA:327,51,0,0
BRDA:335,52,0,0
BRDA:336,53,0,0
BRDA:515,54,0,0
BRDA:515,54,1,0
BRDA:519,55,0,0
BRDA:519,56,0,0
BRDA:519,56,1,0
BRDA:519,56,2,0
BRDA:520,57,0,0
BRDA:520,57,1,0
BRF:71
BRH:4
end_of_record
TN:
SF:lib\url.js
FN:13,resolveApiBaseUrl
FN:66,getAbsoluteURL
FN:82,getAPIBaseURL
FNF:3
FNH:3
FNDA:3,resolveApiBaseUrl
FNDA:12,getAbsoluteURL
FNDA:9,getAPIBaseURL
DA:11,3
DA:15,3
DA:17,3
DA:18,3
DA:19,0
DA:24,3
DA:28,0
DA:29,0
DA:31,0
DA:36,0
DA:37,0
DA:43,0
DA:47,0
DA:48,0
DA:55,0
DA:58,3
DA:66,12
DA:67,12
DA:70,11
DA:71,0
DA:75,11
DA:82,9
DA:83,9
LF:23
LH:12
BRDA:15,0,0,3
BRDA:15,0,1,3
BRDA:17,1,0,3
BRDA:18,2,0,0
BRDA:36,3,0,0
BRDA:43,4,0,0
BRDA:43,4,1,0
BRDA:43,4,2,0
BRDA:47,5,0,0
BRDA:47,6,0,0
BRDA:47,6,1,0
BRDA:66,7,0,0
BRDA:67,8,0,1
BRDA:70,9,0,0
BRDA:70,10,0,11
BRDA:70,10,1,11
BRF:16
BRH:6
end_of_record
